# JRE version: OpenJDK Runtime Environment Temurin-21.0.9+10 (21.0.9+10) (build 21.0.9+10-LTS)
# Java VM: OpenJDK 64-Bit Server VM Temurin-21.0.9+10 (21.0.9+10-LTS, mixed mode, sharing, tiered, compressed oops, compressed class ptrs, parallel gc, windows-amd64)
GC Precious Log:
 CardTable entry size: 512
 CPUs: 4 total, 4 available
 Memory: 16337M
 Large Page Support: Disabled
 NUMA Support: Disabled
 Compressed Oops: Enabled (32-bit)
 Alignments: Space 512K, Generation 512K, Heap 2M
 Heap Min Capacity: 100M
 Heap Initial Capacity: 100M
 Heap Max Capacity: 2G
 Pre-touch: Disabled
 Parallel Workers: 4
Heap:
 PSYoungGen      total 23040K, used 19338K [0x00000000d5580000, 0x00000000d6f80000, 0x0000000100000000)
  eden space 21504K, 82% used [0x00000000d5580000,0x00000000d66e3c30,0x00000000d6a80000)
  from space 1536K, 99% used [0x00000000d6c80000,0x00000000d6dfeee8,0x00000000d6e00000)
  to   space 512K, 0% used [0x00000000d6f00000,0x00000000d6f00000,0x00000000d6f80000)
 ParOldGen       total 68608K, used 41305K [0x0000000080000000, 0x0000000084300000, 0x00000000d5580000)
  object space 68608K, 60% used [0x0000000080000000,0x00000000828565c0,0x0000000084300000)
 Metaspace       used 61578K, committed 62912K, reserved 1114112K
  class space    used 7708K, committed 8320K, reserved 1048576K
GC Heap History (20 events):
Event: 18.553 GC heap before
{Heap before GC invocations=27 (full 2):
 PSYoungGen      total 22528K, used 22352K [0x00000000d5580000, 0x00000000d7100000, 0x0000000100000000)
  eden space 21504K, 100% used [0x00000000d5580000,0x00000000d6a80000,0x00000000d6a80000)
  from space 1024K, 82% used [0x00000000d7000000,0x00000000d70d4010,0x00000000d7100000)
  to   space 2560K, 0% used [0x00000000d6c00000,0x00000000d6c00000,0x00000000d6e80000)
 ParOldGen       total 68608K, used 38192K [0x0000000080000000, 0x0000000084300000, 0x00000000d5580000)
  object space 68608K, 55% used [0x0000000080000000,0x000000008254c3d8,0x0000000084300000)
 Metaspace       used 53919K, committed 55232K, reserved 1114112K
  class space    used 6384K, committed 6976K, reserved 1048576K
}
Event: 18.555 GC heap after
{Heap after GC invocations=27 (full 2):
 PSYoungGen      total 24064K, used 704K [0x00000000d5580000, 0x00000000d7080000, 0x0000000100000000)
  eden space 21504K, 0% used [0x00000000d5580000,0x00000000d5580000,0x00000000d6a80000)
  from space 2560K, 27% used [0x00000000d6c00000,0x00000000d6cb0010,0x00000000d6e80000)
  to   space 1024K, 0% used [0x00000000d6f80000,0x00000000d6f80000,0x00000000d7080000)
 ParOldGen       total 68608K, used 38985K [0x0000000080000000, 0x0000000084300000, 0x00000000d5580000)
  object space 68608K, 56% used [0x0000000080000000,0x0000000082612408,0x0000000084300000)
 Metaspace       used 53919K, committed 55232K, reserved 1114112K
  class space    used 6384K, committed 6976K, reserved 1048576K
}
Event: 19.394 GC heap before
{Heap before GC invocations=28 (full 2):
 PSYoungGen      total 24064K, used 22208K [0x00000000d5580000, 0x00000000d7080000, 0x0000000100000000)
  eden space 21504K, 100% used [0x00000000d5580000,0x00000000d6a80000,0x00000000d6a80000)
  from space 2560K, 27% used [0x00000000d6c00000,0x00000000d6cb0010,0x00000000d6e80000)
  to   space 1024K, 0% used [0x00000000d6f80000,0x00000000d6f80000,0x00000000d7080000)
 ParOldGen       total 68608K, used 38985K [0x0000000080000000, 0x0000000084300000, 0x00000000d5580000)
  object space 68608K, 56% used [0x0000000080000000,0x0000000082612408,0x0000000084300000)
 Metaspace       used 54603K, committed 55872K, reserved 1114112K
  class space    used 6453K, committed 7040K, reserved 1048576K
}
Event: 19.397 GC heap after
{Heap after GC invocations=28 (full 2):
 PSYoungGen      total 22016K, used 384K [0x00000000d5580000, 0x00000000d7000000, 0x0000000100000000)
  eden space 21504K, 0% used [0x00000000d5580000,0x00000000d5580000,0x00000000d6a80000)
  from space 512K, 75% used [0x00000000d6f80000,0x00000000d6fe0000,0x00000000d7000000)
  to   space 1024K, 0% used [0x00000000d6e00000,0x00000000d6e00000,0x00000000d6f00000)
 ParOldGen       total 68608K, used 39568K [0x0000000080000000, 0x0000000084300000, 0x00000000d5580000)
  object space 68608K, 57% used [0x0000000080000000,0x00000000826a4128,0x0000000084300000)
 Metaspace       used 54603K, committed 55872K, reserved 1114112K
  class space    used 6453K, committed 7040K, reserved 1048576K
}
Event: 19.577 GC heap before
{Heap before GC invocations=29 (full 2):
 PSYoungGen      total 22016K, used 21888K [0x00000000d5580000, 0x00000000d7000000, 0x0000000100000000)
  eden space 21504K, 100% used [0x00000000d5580000,0x00000000d6a80000,0x00000000d6a80000)
  from space 512K, 75% used [0x00000000d6f80000,0x00000000d6fe0000,0x00000000d7000000)
  to   space 1024K, 0% used [0x00000000d6e00000,0x00000000d6e00000,0x00000000d6f00000)
 ParOldGen       total 68608K, used 39568K [0x0000000080000000, 0x0000000084300000, 0x00000000d5580000)
  object space 68608K, 57% used [0x0000000080000000,0x00000000826a4128,0x0000000084300000)
 Metaspace       used 54756K, committed 56000K, reserved 1114112K
  class space    used 6476K, committed 7040K, reserved 1048576K
}
Event: 19.579 GC heap after
{Heap after GC invocations=29 (full 2):
 PSYoungGen      total 22528K, used 288K [0x00000000d5580000, 0x00000000d7000000, 0x0000000100000000)
  eden space 21504K, 0% used [0x00000000d5580000,0x00000000d5580000,0x00000000d6a80000)
  from space 1024K, 28% used [0x00000000d6e00000,0x00000000d6e48000,0x00000000d6f00000)
  to   space 512K, 0% used [0x00000000d6f80000,0x00000000d6f80000,0x00000000d7000000)
 ParOldGen       total 68608K, used 39808K [0x0000000080000000, 0x0000000084300000, 0x00000000d5580000)
  object space 68608K, 58% used [0x0000000080000000,0x00000000826e0128,0x0000000084300000)
 Metaspace       used 54756K, committed 56000K, reserved 1114112K
  class space    used 6476K, committed 7040K, reserved 1048576K
}
Event: 19.749 GC heap before
{Heap before GC invocations=30 (full 2):
 PSYoungGen      total 22528K, used 21792K [0x00000000d5580000, 0x00000000d7000000, 0x0000000100000000)
  eden space 21504K, 100% used [0x00000000d5580000,0x00000000d6a80000,0x00000000d6a80000)
  from space 1024K, 28% used [0x00000000d6e00000,0x00000000d6e48000,0x00000000d6f00000)
  to   space 512K, 0% used [0x00000000d6f80000,0x00000000d6f80000,0x00000000d7000000)
 ParOldGen       total 68608K, used 39808K [0x0000000080000000, 0x0000000084300000, 0x00000000d5580000)
  object space 68608K, 58% used [0x0000000080000000,0x00000000826e0128,0x0000000084300000)
 Metaspace       used 56237K, committed 57472K, reserved 1114112K
  class space    used 6718K, committed 7296K, reserved 1048576K
}
Event: 19.750 GC heap after
{Heap after GC invocations=30 (full 2):
 PSYoungGen      total 22016K, used 508K [0x00000000d5580000, 0x00000000d7000000, 0x0000000100000000)
  eden space 21504K, 0% used [0x00000000d5580000,0x00000000d5580000,0x00000000d6a80000)
  from space 512K, 99% used [0x00000000d6f80000,0x00000000d6fff298,0x00000000d7000000)
  to   space 1536K, 0% used [0x00000000d6d00000,0x00000000d6d00000,0x00000000d6e80000)
 ParOldGen       total 68608K, used 40338K [0x0000000080000000, 0x0000000084300000, 0x00000000d5580000)
  object space 68608K, 58% used [0x0000000080000000,0x00000000827649d0,0x0000000084300000)
 Metaspace       used 56237K, committed 57472K, reserved 1114112K
  class space    used 6718K, committed 7296K, reserved 1048576K
}
Event: 19.882 GC heap before
{Heap before GC invocations=31 (full 2):
 PSYoungGen      total 22016K, used 22012K [0x00000000d5580000, 0x00000000d7000000, 0x0000000100000000)
  eden space 21504K, 100% used [0x00000000d5580000,0x00000000d6a80000,0x00000000d6a80000)
  from space 512K, 99% used [0x00000000d6f80000,0x00000000d6fff298,0x00000000d7000000)
  to   space 1536K, 0% used [0x00000000d6d00000,0x00000000d6d00000,0x00000000d6e80000)
 ParOldGen       total 68608K, used 40338K [0x0000000080000000, 0x0000000084300000, 0x00000000d5580000)
  object space 68608K, 58% used [0x0000000080000000,0x00000000827649d0,0x0000000084300000)
 Metaspace       used 57750K, committed 58944K, reserved 1114112K
  class space    used 7014K, committed 7552K, reserved 1048576K
}
Event: 19.883 GC heap after
{Heap after GC invocations=31 (full 2):
 PSYoungGen      total 23040K, used 327K [0x00000000d5580000, 0x00000000d7000000, 0x0000000100000000)
  eden space 21504K, 0% used [0x00000000d5580000,0x00000000d5580000,0x00000000d6a80000)
  from space 1536K, 21% used [0x00000000d6d00000,0x00000000d6d51cb0,0x00000000d6e80000)
  to   space 1024K, 0% used [0x00000000d6f00000,0x00000000d6f00000,0x00000000d7000000)
 ParOldGen       total 68608K, used 40911K [0x0000000080000000, 0x0000000084300000, 0x00000000d5580000)
  object space 68608K, 59% used [0x0000000080000000,0x00000000827f3cb8,0x0000000084300000)
 Metaspace       used 57750K, committed 58944K, reserved 1114112K
  class space    used 7014K, committed 7552K, reserved 1048576K
}
Event: 19.982 GC heap before
{Heap before GC invocations=32 (full 2):
 PSYoungGen      total 23040K, used 14283K [0x00000000d5580000, 0x00000000d7000000, 0x0000000100000000)
  eden space 21504K, 64% used [0x00000000d5580000,0x00000000d6321238,0x00000000d6a80000)
  from space 1536K, 21% used [0x00000000d6d00000,0x00000000d6d51cb0,0x00000000d6e80000)
  to   space 1024K, 0% used [0x00000000d6f00000,0x00000000d6f00000,0x00000000d7000000)
 ParOldGen       total 68608K, used 40911K [0x0000000080000000, 0x0000000084300000, 0x00000000d5580000)
  object space 68608K, 59% used [0x0000000080000000,0x00000000827f3cb8,0x0000000084300000)
 Metaspace       used 58553K, committed 59776K, reserved 1114112K
  class space    used 7205K, committed 7744K, reserved 1048576K
}
Event: 19.982 GC heap after
{Heap after GC invocations=32 (full 2):
 PSYoungGen      total 22016K, used 437K [0x00000000d5580000, 0x00000000d6f80000, 0x0000000100000000)
  eden space 21504K, 0% used [0x00000000d5580000,0x00000000d5580000,0x00000000d6a80000)
  from space 512K, 85% used [0x00000000d6f00000,0x00000000d6f6d7c0,0x00000000d6f80000)
  to   space 512K, 0% used [0x00000000d6e80000,0x00000000d6e80000,0x00000000d6f00000)
 ParOldGen       total 68608K, used 41023K [0x0000000080000000, 0x0000000084300000, 0x00000000d5580000)
  object space 68608K, 59% used [0x0000000080000000,0x000000008280fcb8,0x0000000084300000)
 Metaspace       used 58553K, committed 59776K, reserved 1114112K
  class space    used 7205K, committed 7744K, reserved 1048576K
}
Event: 19.982 GC heap before
{Heap before GC invocations=33 (full 3):
 PSYoungGen      total 22016K, used 437K [0x00000000d5580000, 0x00000000d6f80000, 0x0000000100000000)
  eden space 21504K, 0% used [0x00000000d5580000,0x00000000d5580000,0x00000000d6a80000)
  from space 512K, 85% used [0x00000000d6f00000,0x00000000d6f6d7c0,0x00000000d6f80000)
  to   space 512K, 0% used [0x00000000d6e80000,0x00000000d6e80000,0x00000000d6f00000)
 ParOldGen       total 68608K, used 41023K [0x0000000080000000, 0x0000000084300000, 0x00000000d5580000)
  object space 68608K, 59% used [0x0000000080000000,0x000000008280fcb8,0x0000000084300000)
 Metaspace       used 58553K, committed 59776K, reserved 1114112K
  class space    used 7205K, committed 7744K, reserved 1048576K
}
Event: 20.048 GC heap after
{Heap after GC invocations=33 (full 3):
 PSYoungGen      total 22016K, used 0K [0x00000000d5580000, 0x00000000d6f80000, 0x0000000100000000)
  eden space 21504K, 0% used [0x00000000d5580000,0x00000000d5580000,0x00000000d6a80000)
  from space 512K, 0% used [0x00000000d6f00000,0x00000000d6f00000,0x00000000d6f80000)
  to   space 512K, 0% used [0x00000000d6e80000,0x00000000d6e80000,0x00000000d6f00000)
 ParOldGen       total 68608K, used 39076K [0x0000000080000000, 0x0000000084300000, 0x00000000d5580000)
  object space 68608K, 56% used [0x0000000080000000,0x00000000826293e8,0x0000000084300000)
 Metaspace       used 58553K, committed 59776K, reserved 1114112K
  class space    used 7205K, committed 7744K, reserved 1048576K
}
Event: 20.200 GC heap before
{Heap before GC invocations=34 (full 3):
 PSYoungGen      total 22016K, used 21504K [0x00000000d5580000, 0x00000000d6f80000, 0x0000000100000000)
  eden space 21504K, 100% used [0x00000000d5580000,0x00000000d6a80000,0x00000000d6a80000)
  from space 512K, 0% used [0x00000000d6f00000,0x00000000d6f00000,0x00000000d6f80000)
  to   space 512K, 0% used [0x00000000d6e80000,0x00000000d6e80000,0x00000000d6f00000)
 ParOldGen       total 68608K, used 39076K [0x0000000080000000, 0x0000000084300000, 0x00000000d5580000)
  object space 68608K, 56% used [0x0000000080000000,0x00000000826293e8,0x0000000084300000)
 Metaspace       used 59576K, committed 60928K, reserved 1114112K
  class space    used 7437K, committed 8064K, reserved 1048576K
}
Event: 20.201 GC heap after
{Heap after GC invocations=34 (full 3):
 PSYoungGen      total 22016K, used 501K [0x00000000d5580000, 0x00000000d6f80000, 0x0000000100000000)
  eden space 21504K, 0% used [0x00000000d5580000,0x00000000d5580000,0x00000000d6a80000)
  from space 512K, 97% used [0x00000000d6e80000,0x00000000d6efd650,0x00000000d6f00000)
  to   space 512K, 0% used [0x00000000d6f00000,0x00000000d6f00000,0x00000000d6f80000)
 ParOldGen       total 68608K, used 39421K [0x0000000080000000, 0x0000000084300000, 0x00000000d5580000)
  object space 68608K, 57% used [0x0000000080000000,0x000000008267f510,0x0000000084300000)
 Metaspace       used 59576K, committed 60928K, reserved 1114112K
  class space    used 7437K, committed 8064K, reserved 1048576K
}
Event: 20.326 GC heap before
{Heap before GC invocations=35 (full 3):
 PSYoungGen      total 22016K, used 22005K [0x00000000d5580000, 0x00000000d6f80000, 0x0000000100000000)
  eden space 21504K, 100% used [0x00000000d5580000,0x00000000d6a80000,0x00000000d6a80000)
  from space 512K, 97% used [0x00000000d6e80000,0x00000000d6efd650,0x00000000d6f00000)
  to   space 512K, 0% used [0x00000000d6f00000,0x00000000d6f00000,0x00000000d6f80000)
 ParOldGen       total 68608K, used 39421K [0x0000000080000000, 0x0000000084300000, 0x00000000d5580000)
  object space 68608K, 57% used [0x0000000080000000,0x000000008267f510,0x0000000084300000)
 Metaspace       used 61164K, committed 62464K, reserved 1114112K
  class space    used 7650K, committed 8256K, reserved 1048576K
}
Event: 20.327 GC heap after
{Heap after GC invocations=35 (full 3):
 PSYoungGen      total 22016K, used 496K [0x00000000d5580000, 0x00000000d6f80000, 0x0000000100000000)
  eden space 21504K, 0% used [0x00000000d5580000,0x00000000d5580000,0x00000000d6a80000)
  from space 512K, 96% used [0x00000000d6f00000,0x00000000d6f7c010,0x00000000d6f80000)
  to   space 1536K, 0% used [0x00000000d6c80000,0x00000000d6c80000,0x00000000d6e00000)
 ParOldGen       total 68608K, used 40230K [0x0000000080000000, 0x0000000084300000, 0x00000000d5580000)
  object space 68608K, 58% used [0x0000000080000000,0x0000000082749a30,0x0000000084300000)
 Metaspace       used 61164K, committed 62464K, reserved 1114112K
  class space    used 7650K, committed 8256K, reserved 1048576K
}
Event: 20.409 GC heap before
{Heap before GC invocations=36 (full 3):
 PSYoungGen      total 22016K, used 22000K [0x00000000d5580000, 0x00000000d6f80000, 0x0000000100000000)
  eden space 21504K, 100% used [0x00000000d5580000,0x00000000d6a80000,0x00000000d6a80000)
  from space 512K, 96% used [0x00000000d6f00000,0x00000000d6f7c010,0x00000000d6f80000)
  to   space 1536K, 0% used [0x00000000d6c80000,0x00000000d6c80000,0x00000000d6e00000)
 ParOldGen       total 68608K, used 40230K [0x0000000080000000, 0x0000000084300000, 0x00000000d5580000)
  object space 68608K, 58% used [0x0000000080000000,0x0000000082749a30,0x0000000084300000)
 Metaspace       used 61384K, committed 62784K, reserved 1114112K
  class space    used 7679K, committed 8320K, reserved 1048576K
}
Event: 20.412 GC heap after
{Heap after GC invocations=36 (full 3):
 PSYoungGen      total 23040K, used 1531K [0x00000000d5580000, 0x00000000d6f80000, 0x0000000100000000)
  eden space 21504K, 0% used [0x00000000d5580000,0x00000000d5580000,0x00000000d6a80000)
  from space 1536K, 99% used [0x00000000d6c80000,0x00000000d6dfeee8,0x00000000d6e00000)
  to   space 512K, 0% used [0x00000000d6f00000,0x00000000d6f00000,0x00000000d6f80000)
 ParOldGen       total 68608K, used 41305K [0x0000000080000000, 0x0000000084300000, 0x00000000d5580000)
  object space 68608K, 60% used [0x0000000080000000,0x00000000828565c0,0x0000000084300000)
 Metaspace       used 61384K, committed 62784K, reserved 1114112K
  class space    used 7679K, committed 8320K, reserved 1048576K
}

