# JRE version: OpenJDK Runtime Environment Temurin-21.0.9+10 (21.0.9+10) (build 21.0.9+10-LTS)
# Java VM: OpenJDK 64-Bit Server VM Temurin-21.0.9+10 (21.0.9+10-LTS, mixed mode, sharing, tiered, compressed oops, compressed class ptrs, parallel gc, windows-amd64)
GC Precious Log:
 CardTable entry size: 512
 CPUs: 4 total, 4 available
 Memory: 16337M
 Large Page Support: Disabled
 NUMA Support: Disabled
 Compressed Oops: Enabled (32-bit)
 Alignments: Space 512K, Generation 512K, Heap 2M
 Heap Min Capacity: 100M
 Heap Initial Capacity: 100M
 Heap Max Capacity: 2G
 Pre-touch: Disabled
 Parallel Workers: 4
Heap:
 PSYoungGen      total 15872K, used 12170K [0x00000000d5580000, 0x00000000d6a80000, 0x0000000100000000)
  eden space 13824K, 84% used [0x00000000d5580000,0x00000000d60da9d8,0x00000000d6300000)
  from space 2048K, 26% used [0x00000000d6700000,0x00000000d6788000,0x00000000d6900000)
  to   space 1024K, 0% used [0x00000000d6980000,0x00000000d6980000,0x00000000d6a80000)
 ParOldGen       total 68608K, used 38675K [0x0000000080000000, 0x0000000084300000, 0x00000000d5580000)
  object space 68608K, 56% used [0x0000000080000000,0x00000000825c4e38,0x0000000084300000)
 Metaspace       used 53709K, committed 54976K, reserved 1114112K
  class space    used 6315K, committed 6912K, reserved 1048576K
GC Heap History (20 events):
Event: 15.187 GC heap before
{Heap before GC invocations=20 (full 2):
 PSYoungGen      total 23552K, used 23424K [0x00000000d5580000, 0x00000000d6f00000, 0x0000000100000000)
  eden space 22016K, 100% used [0x00000000d5580000,0x00000000d6b00000,0x00000000d6b00000)
  from space 1536K, 91% used [0x00000000d6d00000,0x00000000d6e60000,0x00000000d6e80000)
  to   space 512K, 0% used [0x00000000d6e80000,0x00000000d6e80000,0x00000000d6f00000)
 ParOldGen       total 68608K, used 21593K [0x0000000080000000, 0x0000000084300000, 0x00000000d5580000)
  object space 68608K, 31% used [0x0000000080000000,0x0000000081516590,0x0000000084300000)
 Metaspace       used 45926K, committed 47104K, reserved 1114112K
  class space    used 5024K, committed 5568K, reserved 1048576K
}
Event: 15.191 GC heap after
{Heap after GC invocations=20 (full 2):
 PSYoungGen      total 22528K, used 505K [0x00000000d5580000, 0x00000000d7000000, 0x0000000100000000)
  eden space 22016K, 0% used [0x00000000d5580000,0x00000000d5580000,0x00000000d6b00000)
  from space 512K, 98% used [0x00000000d6e80000,0x00000000d6efe5e0,0x00000000d6f00000)
  to   space 2560K, 0% used [0x00000000d6b00000,0x00000000d6b00000,0x00000000d6d80000)
 ParOldGen       total 68608K, used 23403K [0x0000000080000000, 0x0000000084300000, 0x00000000d5580000)
  object space 68608K, 34% used [0x0000000080000000,0x00000000816daf18,0x0000000084300000)
 Metaspace       used 45926K, committed 47104K, reserved 1114112K
  class space    used 5024K, committed 5568K, reserved 1048576K
}
Event: 16.289 GC heap before
{Heap before GC invocations=21 (full 2):
 PSYoungGen      total 22528K, used 22521K [0x00000000d5580000, 0x00000000d7000000, 0x0000000100000000)
  eden space 22016K, 100% used [0x00000000d5580000,0x00000000d6b00000,0x00000000d6b00000)
  from space 512K, 98% used [0x00000000d6e80000,0x00000000d6efe5e0,0x00000000d6f00000)
  to   space 2560K, 0% used [0x00000000d6b00000,0x00000000d6b00000,0x00000000d6d80000)
 ParOldGen       total 68608K, used 23403K [0x0000000080000000, 0x0000000084300000, 0x00000000d5580000)
  object space 68608K, 34% used [0x0000000080000000,0x00000000816daf18,0x0000000084300000)
 Metaspace       used 48050K, committed 49216K, reserved 1114112K
  class space    used 5351K, committed 5888K, reserved 1048576K
}
Event: 16.290 GC heap after
{Heap after GC invocations=21 (full 2):
 PSYoungGen      total 24576K, used 544K [0x00000000d5580000, 0x00000000d6f00000, 0x0000000100000000)
  eden space 22016K, 0% used [0x00000000d5580000,0x00000000d5580000,0x00000000d6b00000)
  from space 2560K, 21% used [0x00000000d6b00000,0x00000000d6b88000,0x00000000d6d80000)
  to   space 1536K, 0% used [0x00000000d6d80000,0x00000000d6d80000,0x00000000d6f00000)
 ParOldGen       total 68608K, used 23895K [0x0000000080000000, 0x0000000084300000, 0x00000000d5580000)
  object space 68608K, 34% used [0x0000000080000000,0x0000000081755c48,0x0000000084300000)
 Metaspace       used 48050K, committed 49216K, reserved 1114112K
  class space    used 5351K, committed 5888K, reserved 1048576K
}
Event: 16.703 GC heap before
{Heap before GC invocations=22 (full 2):
 PSYoungGen      total 24576K, used 22560K [0x00000000d5580000, 0x00000000d6f00000, 0x0000000100000000)
  eden space 22016K, 100% used [0x00000000d5580000,0x00000000d6b00000,0x00000000d6b00000)
  from space 2560K, 21% used [0x00000000d6b00000,0x00000000d6b88000,0x00000000d6d80000)
  to   space 1536K, 0% used [0x00000000d6d80000,0x00000000d6d80000,0x00000000d6f00000)
 ParOldGen       total 68608K, used 23895K [0x0000000080000000, 0x0000000084300000, 0x00000000d5580000)
  object space 68608K, 34% used [0x0000000080000000,0x0000000081755c48,0x0000000084300000)
 Metaspace       used 49201K, committed 50368K, reserved 1114112K
  class space    used 5553K, committed 6144K, reserved 1048576K
}
Event: 16.708 GC heap after
{Heap after GC invocations=22 (full 2):
 PSYoungGen      total 15360K, used 1526K [0x00000000d5580000, 0x00000000d8000000, 0x0000000100000000)
  eden space 13824K, 0% used [0x00000000d5580000,0x00000000d5580000,0x00000000d6300000)
  from space 1536K, 99% used [0x00000000d6d80000,0x00000000d6efdab0,0x00000000d6f00000)
  to   space 10752K, 0% used [0x00000000d6300000,0x00000000d6300000,0x00000000d6d80000)
 ParOldGen       total 68608K, used 31422K [0x0000000080000000, 0x0000000084300000, 0x00000000d5580000)
  object space 68608K, 45% used [0x0000000080000000,0x0000000081eafaa0,0x0000000084300000)
 Metaspace       used 49201K, committed 50368K, reserved 1114112K
  class space    used 5553K, committed 6144K, reserved 1048576K
}
Event: 16.941 GC heap before
{Heap before GC invocations=23 (full 2):
 PSYoungGen      total 15360K, used 15350K [0x00000000d5580000, 0x00000000d8000000, 0x0000000100000000)
  eden space 13824K, 100% used [0x00000000d5580000,0x00000000d6300000,0x00000000d6300000)
  from space 1536K, 99% used [0x00000000d6d80000,0x00000000d6efdab0,0x00000000d6f00000)
  to   space 10752K, 0% used [0x00000000d6300000,0x00000000d6300000,0x00000000d6d80000)
 ParOldGen       total 68608K, used 31422K [0x0000000080000000, 0x0000000084300000, 0x00000000d5580000)
  object space 68608K, 45% used [0x0000000080000000,0x0000000081eafaa0,0x0000000084300000)
 Metaspace       used 50063K, committed 51264K, reserved 1114112K
  class space    used 5712K, committed 6272K, reserved 1048576K
}
Event: 16.943 GC heap after
{Heap after GC invocations=23 (full 2):
 PSYoungGen      total 14848K, used 631K [0x00000000d5580000, 0x00000000d6e00000, 0x0000000100000000)
  eden space 13824K, 0% used [0x00000000d5580000,0x00000000d5580000,0x00000000d6300000)
  from space 1024K, 61% used [0x00000000d6300000,0x00000000d639def8,0x00000000d6400000)
  to   space 4096K, 0% used [0x00000000d6a00000,0x00000000d6a00000,0x00000000d6e00000)
 ParOldGen       total 68608K, used 32947K [0x0000000080000000, 0x0000000084300000, 0x00000000d5580000)
  object space 68608K, 48% used [0x0000000080000000,0x000000008202cc78,0x0000000084300000)
 Metaspace       used 50063K, committed 51264K, reserved 1114112K
  class space    used 5712K, committed 6272K, reserved 1048576K
}
Event: 17.098 GC heap before
{Heap before GC invocations=24 (full 2):
 PSYoungGen      total 14848K, used 14455K [0x00000000d5580000, 0x00000000d6e00000, 0x0000000100000000)
  eden space 13824K, 100% used [0x00000000d5580000,0x00000000d6300000,0x00000000d6300000)
  from space 1024K, 61% used [0x00000000d6300000,0x00000000d639def8,0x00000000d6400000)
  to   space 4096K, 0% used [0x00000000d6a00000,0x00000000d6a00000,0x00000000d6e00000)
 ParOldGen       total 68608K, used 32947K [0x0000000080000000, 0x0000000084300000, 0x00000000d5580000)
  object space 68608K, 48% used [0x0000000080000000,0x000000008202cc78,0x0000000084300000)
 Metaspace       used 50311K, committed 51520K, reserved 1114112K
  class space    used 5740K, committed 6336K, reserved 1048576K
}
Event: 17.099 GC heap after
{Heap after GC invocations=24 (full 2):
 PSYoungGen      total 14336K, used 352K [0x00000000d5580000, 0x00000000d6a80000, 0x0000000100000000)
  eden space 13824K, 0% used [0x00000000d5580000,0x00000000d5580000,0x00000000d6300000)
  from space 512K, 68% used [0x00000000d6a00000,0x00000000d6a58000,0x00000000d6a80000)
  to   space 1024K, 0% used [0x00000000d6880000,0x00000000d6880000,0x00000000d6980000)
 ParOldGen       total 68608K, used 33491K [0x0000000080000000, 0x0000000084300000, 0x00000000d5580000)
  object space 68608K, 48% used [0x0000000080000000,0x00000000820b4c88,0x0000000084300000)
 Metaspace       used 50311K, committed 51520K, reserved 1114112K
  class space    used 5740K, committed 6336K, reserved 1048576K
}
Event: 17.433 GC heap before
{Heap before GC invocations=25 (full 2):
 PSYoungGen      total 14336K, used 14176K [0x00000000d5580000, 0x00000000d6a80000, 0x0000000100000000)
  eden space 13824K, 100% used [0x00000000d5580000,0x00000000d6300000,0x00000000d6300000)
  from space 512K, 68% used [0x00000000d6a00000,0x00000000d6a58000,0x00000000d6a80000)
  to   space 1024K, 0% used [0x00000000d6880000,0x00000000d6880000,0x00000000d6980000)
 ParOldGen       total 68608K, used 33491K [0x0000000080000000, 0x0000000084300000, 0x00000000d5580000)
  object space 68608K, 48% used [0x0000000080000000,0x00000000820b4c88,0x0000000084300000)
 Metaspace       used 50333K, committed 51584K, reserved 1114112K
  class space    used 5740K, committed 6336K, reserved 1048576K
}
Event: 17.434 GC heap after
{Heap after GC invocations=25 (full 2):
 PSYoungGen      total 14848K, used 416K [0x00000000d5580000, 0x00000000d6a80000, 0x0000000100000000)
  eden space 13824K, 0% used [0x00000000d5580000,0x00000000d5580000,0x00000000d6300000)
  from space 1024K, 40% used [0x00000000d6880000,0x00000000d68e8000,0x00000000d6980000)
  to   space 512K, 0% used [0x00000000d6a00000,0x00000000d6a00000,0x00000000d6a80000)
 ParOldGen       total 68608K, used 33796K [0x0000000080000000, 0x0000000084300000, 0x00000000d5580000)
  object space 68608K, 49% used [0x0000000080000000,0x0000000082101028,0x0000000084300000)
 Metaspace       used 50333K, committed 51584K, reserved 1114112K
  class space    used 5740K, committed 6336K, reserved 1048576K
}
Event: 17.584 GC heap before
{Heap before GC invocations=26 (full 2):
 PSYoungGen      total 14848K, used 14240K [0x00000000d5580000, 0x00000000d6a80000, 0x0000000100000000)
  eden space 13824K, 100% used [0x00000000d5580000,0x00000000d6300000,0x00000000d6300000)
  from space 1024K, 40% used [0x00000000d6880000,0x00000000d68e8000,0x00000000d6980000)
  to   space 512K, 0% used [0x00000000d6a00000,0x00000000d6a00000,0x00000000d6a80000)
 ParOldGen       total 68608K, used 33796K [0x0000000080000000, 0x0000000084300000, 0x00000000d5580000)
  object space 68608K, 49% used [0x0000000080000000,0x0000000082101028,0x0000000084300000)
 Metaspace       used 50334K, committed 51584K, reserved 1114112K
  class space    used 5740K, committed 6336K, reserved 1048576K
}
Event: 17.584 GC heap after
{Heap after GC invocations=26 (full 2):
 PSYoungGen      total 14336K, used 384K [0x00000000d5580000, 0x00000000d6a80000, 0x0000000100000000)
  eden space 13824K, 0% used [0x00000000d5580000,0x00000000d5580000,0x00000000d6300000)
  from space 512K, 75% used [0x00000000d6a00000,0x00000000d6a60000,0x00000000d6a80000)
  to   space 512K, 0% used [0x00000000d6980000,0x00000000d6980000,0x00000000d6a00000)
 ParOldGen       total 68608K, used 34148K [0x0000000080000000, 0x0000000084300000, 0x00000000d5580000)
  object space 68608K, 49% used [0x0000000080000000,0x0000000082159028,0x0000000084300000)
 Metaspace       used 50334K, committed 51584K, reserved 1114112K
  class space    used 5740K, committed 6336K, reserved 1048576K
}
Event: 17.724 GC heap before
{Heap before GC invocations=27 (full 2):
 PSYoungGen      total 14336K, used 14208K [0x00000000d5580000, 0x00000000d6a80000, 0x0000000100000000)
  eden space 13824K, 100% used [0x00000000d5580000,0x00000000d6300000,0x00000000d6300000)
  from space 512K, 75% used [0x00000000d6a00000,0x00000000d6a60000,0x00000000d6a80000)
  to   space 512K, 0% used [0x00000000d6980000,0x00000000d6980000,0x00000000d6a00000)
 ParOldGen       total 68608K, used 34148K [0x0000000080000000, 0x0000000084300000, 0x00000000d5580000)
  object space 68608K, 49% used [0x0000000080000000,0x0000000082159028,0x0000000084300000)
 Metaspace       used 50342K, committed 51584K, reserved 1114112K
  class space    used 5741K, committed 6336K, reserved 1048576K
}
Event: 17.725 GC heap after
{Heap after GC invocations=27 (full 2):
 PSYoungGen      total 14336K, used 500K [0x00000000d5580000, 0x00000000d6d00000, 0x0000000100000000)
  eden space 13824K, 0% used [0x00000000d5580000,0x00000000d5580000,0x00000000d6300000)
  from space 512K, 97% used [0x00000000d6980000,0x00000000d69fd1a8,0x00000000d6a00000)
  to   space 3072K, 0% used [0x00000000d6a00000,0x00000000d6a00000,0x00000000d6d00000)
 ParOldGen       total 68608K, used 37760K [0x0000000080000000, 0x0000000084300000, 0x00000000d5580000)
  object space 68608K, 55% used [0x0000000080000000,0x00000000824e01d0,0x0000000084300000)
 Metaspace       used 50342K, committed 51584K, reserved 1114112K
  class space    used 5741K, committed 6336K, reserved 1048576K
}
Event: 17.846 GC heap before
{Heap before GC invocations=28 (full 2):
 PSYoungGen      total 14336K, used 14324K [0x00000000d5580000, 0x00000000d6d00000, 0x0000000100000000)
  eden space 13824K, 100% used [0x00000000d5580000,0x00000000d6300000,0x00000000d6300000)
  from space 512K, 97% used [0x00000000d6980000,0x00000000d69fd1a8,0x00000000d6a00000)
  to   space 3072K, 0% used [0x00000000d6a00000,0x00000000d6a00000,0x00000000d6d00000)
 ParOldGen       total 68608K, used 37760K [0x0000000080000000, 0x0000000084300000, 0x00000000d5580000)
  object space 68608K, 55% used [0x0000000080000000,0x00000000824e01d0,0x0000000084300000)
 Metaspace       used 50814K, committed 51968K, reserved 1114112K
  class space    used 5842K, committed 6400K, reserved 1048576K
}
Event: 17.847 GC heap after
{Heap after GC invocations=28 (full 2):
 PSYoungGen      total 14848K, used 544K [0x00000000d5580000, 0x00000000d6b00000, 0x0000000100000000)
  eden space 13824K, 0% used [0x00000000d5580000,0x00000000d5580000,0x00000000d6300000)
  from space 1024K, 53% used [0x00000000d6a00000,0x00000000d6a88000,0x00000000d6b00000)
  to   space 2048K, 0% used [0x00000000d6700000,0x00000000d6700000,0x00000000d6900000)
 ParOldGen       total 68608K, used 38227K [0x0000000080000000, 0x0000000084300000, 0x00000000d5580000)
  object space 68608K, 55% used [0x0000000080000000,0x0000000082554e28,0x0000000084300000)
 Metaspace       used 50814K, committed 51968K, reserved 1114112K
  class space    used 5842K, committed 6400K, reserved 1048576K
}
Event: 18.100 GC heap before
{Heap before GC invocations=29 (full 2):
 PSYoungGen      total 14848K, used 14368K [0x00000000d5580000, 0x00000000d6b00000, 0x0000000100000000)
  eden space 13824K, 100% used [0x00000000d5580000,0x00000000d6300000,0x00000000d6300000)
  from space 1024K, 53% used [0x00000000d6a00000,0x00000000d6a88000,0x00000000d6b00000)
  to   space 2048K, 0% used [0x00000000d6700000,0x00000000d6700000,0x00000000d6900000)
 ParOldGen       total 68608K, used 38227K [0x0000000080000000, 0x0000000084300000, 0x00000000d5580000)
  object space 68608K, 55% used [0x0000000080000000,0x0000000082554e28,0x0000000084300000)
 Metaspace       used 52236K, committed 53504K, reserved 1114112K
  class space    used 6085K, committed 6656K, reserved 1048576K
}
Event: 18.101 GC heap after
{Heap after GC invocations=29 (full 2):
 PSYoungGen      total 15872K, used 544K [0x00000000d5580000, 0x00000000d6a80000, 0x0000000100000000)
  eden space 13824K, 0% used [0x00000000d5580000,0x00000000d5580000,0x00000000d6300000)
  from space 2048K, 26% used [0x00000000d6700000,0x00000000d6788000,0x00000000d6900000)
  to   space 1024K, 0% used [0x00000000d6980000,0x00000000d6980000,0x00000000d6a80000)
 ParOldGen       total 68608K, used 38675K [0x0000000080000000, 0x0000000084300000, 0x00000000d5580000)
  object space 68608K, 56% used [0x0000000080000000,0x00000000825c4e38,0x0000000084300000)
 Metaspace       used 52236K, committed 53504K, reserved 1114112K
  class space    used 6085K, committed 6656K, reserved 1048576K
}

