# JRE version: OpenJDK Runtime Environment Temurin-21.0.9+10 (21.0.9+10) (build 21.0.9+10-LTS)
# Java VM: OpenJDK 64-Bit Server VM Temurin-21.0.9+10 (21.0.9+10-LTS, mixed mode, sharing, tiered, compressed oops, compressed class ptrs, parallel gc, windows-amd64)
GC Precious Log:
 CardTable entry size: 512
 CPUs: 4 total, 4 available
 Memory: 16337M
 Large Page Support: Disabled
 NUMA Support: Disabled
 Compressed Oops: Enabled (32-bit)
 Alignments: Space 512K, Generation 512K, Heap 2M
 Heap Min Capacity: 100M
 Heap Initial Capacity: 100M
 Heap Max Capacity: 2G
 Pre-touch: Disabled
 Parallel Workers: 4
Heap:
 PSYoungGen      total 16896K, used 12963K [0x00000000d5580000, 0x00000000d8000000, 0x0000000100000000)
  eden space 15872K, 75% used [0x00000000d5580000,0x00000000d612b0c8,0x00000000d6500000)
  from space 1024K, 99% used [0x00000000d6f80000,0x00000000d707ddf8,0x00000000d7080000)
  to   space 10752K, 0% used [0x00000000d6500000,0x00000000d6500000,0x00000000d6f80000)
 ParOldGen       total 68608K, used 31524K [0x0000000080000000, 0x0000000084300000, 0x00000000d5580000)
  object space 68608K, 45% used [0x0000000080000000,0x0000000081ec9038,0x0000000084300000)
 Metaspace       used 49738K, committed 50816K, reserved 1114112K
  class space    used 5675K, committed 6144K, reserved 1048576K
GC Heap History (20 events):
Event: 7.987 GC heap before
{Heap before GC invocations=13 (full 1):
 PSYoungGen      total 24064K, used 23837K [0x00000000d5580000, 0x00000000d7280000, 0x0000000100000000)
  eden space 22528K, 100% used [0x00000000d5580000,0x00000000d6b80000,0x00000000d6b80000)
  from space 1536K, 85% used [0x00000000d7080000,0x00000000d71c76e0,0x00000000d7200000)
  to   space 512K, 0% used [0x00000000d7200000,0x00000000d7200000,0x00000000d7280000)
 ParOldGen       total 68608K, used 16500K [0x0000000080000000, 0x0000000084300000, 0x00000000d5580000)
  object space 68608K, 24% used [0x0000000080000000,0x000000008101d3b0,0x0000000084300000)
 Metaspace       used 34305K, committed 35392K, reserved 1114112K
  class space    used 3548K, committed 4032K, reserved 1048576K
}
Event: 7.991 GC heap after
{Heap after GC invocations=13 (full 1):
 PSYoungGen      total 22528K, used 499K [0x00000000d5580000, 0x00000000d7280000, 0x0000000100000000)
  eden space 22016K, 0% used [0x00000000d5580000,0x00000000d5580000,0x00000000d6b00000)
  from space 512K, 97% used [0x00000000d7200000,0x00000000d727ce68,0x00000000d7280000)
  to   space 3584K, 0% used [0x00000000d6b80000,0x00000000d6b80000,0x00000000d6f00000)
 ParOldGen       total 68608K, used 18837K [0x0000000080000000, 0x0000000084300000, 0x00000000d5580000)
  object space 68608K, 27% used [0x0000000080000000,0x0000000081265590,0x0000000084300000)
 Metaspace       used 34305K, committed 35392K, reserved 1114112K
  class space    used 3548K, committed 4032K, reserved 1048576K
}
Event: 8.062 GC heap before
{Heap before GC invocations=14 (full 1):
 PSYoungGen      total 22528K, used 4727K [0x00000000d5580000, 0x00000000d7280000, 0x0000000100000000)
  eden space 22016K, 19% used [0x00000000d5580000,0x00000000d59a0fe8,0x00000000d6b00000)
  from space 512K, 97% used [0x00000000d7200000,0x00000000d727ce68,0x00000000d7280000)
  to   space 3584K, 0% used [0x00000000d6b80000,0x00000000d6b80000,0x00000000d6f00000)
 ParOldGen       total 68608K, used 18837K [0x0000000080000000, 0x0000000084300000, 0x00000000d5580000)
  object space 68608K, 27% used [0x0000000080000000,0x0000000081265590,0x0000000084300000)
 Metaspace       used 34731K, committed 35840K, reserved 1114112K
  class space    used 3610K, committed 4096K, reserved 1048576K
}
Event: 8.064 GC heap after
{Heap after GC invocations=14 (full 1):
 PSYoungGen      total 25600K, used 160K [0x00000000d5580000, 0x00000000d7280000, 0x0000000100000000)
  eden space 22016K, 0% used [0x00000000d5580000,0x00000000d5580000,0x00000000d6b00000)
  from space 3584K, 4% used [0x00000000d6b80000,0x00000000d6ba8000,0x00000000d6f00000)
  to   space 1536K, 0% used [0x00000000d7100000,0x00000000d7100000,0x00000000d7280000)
 ParOldGen       total 68608K, used 19344K [0x0000000080000000, 0x0000000084300000, 0x00000000d5580000)
  object space 68608K, 28% used [0x0000000080000000,0x00000000812e43f8,0x0000000084300000)
 Metaspace       used 34731K, committed 35840K, reserved 1114112K
  class space    used 3610K, committed 4096K, reserved 1048576K
}
Event: 8.064 GC heap before
{Heap before GC invocations=15 (full 2):
 PSYoungGen      total 25600K, used 160K [0x00000000d5580000, 0x00000000d7280000, 0x0000000100000000)
  eden space 22016K, 0% used [0x00000000d5580000,0x00000000d5580000,0x00000000d6b00000)
  from space 3584K, 4% used [0x00000000d6b80000,0x00000000d6ba8000,0x00000000d6f00000)
  to   space 1536K, 0% used [0x00000000d7100000,0x00000000d7100000,0x00000000d7280000)
 ParOldGen       total 68608K, used 19344K [0x0000000080000000, 0x0000000084300000, 0x00000000d5580000)
  object space 68608K, 28% used [0x0000000080000000,0x00000000812e43f8,0x0000000084300000)
 Metaspace       used 34731K, committed 35840K, reserved 1114112K
  class space    used 3610K, committed 4096K, reserved 1048576K
}
Event: 8.108 GC heap after
{Heap after GC invocations=15 (full 2):
 PSYoungGen      total 25600K, used 0K [0x00000000d5580000, 0x00000000d7280000, 0x0000000100000000)
  eden space 22016K, 0% used [0x00000000d5580000,0x00000000d5580000,0x00000000d6b00000)
  from space 3584K, 0% used [0x00000000d6b80000,0x00000000d6b80000,0x00000000d6f00000)
  to   space 1536K, 0% used [0x00000000d7100000,0x00000000d7100000,0x00000000d7280000)
 ParOldGen       total 68608K, used 18695K [0x0000000080000000, 0x0000000084300000, 0x00000000d5580000)
  object space 68608K, 27% used [0x0000000080000000,0x0000000081241cd8,0x0000000084300000)
 Metaspace       used 34720K, committed 35840K, reserved 1114112K
  class space    used 3607K, committed 4096K, reserved 1048576K
}
Event: 8.421 GC heap before
{Heap before GC invocations=16 (full 2):
 PSYoungGen      total 25600K, used 22016K [0x00000000d5580000, 0x00000000d7280000, 0x0000000100000000)
  eden space 22016K, 100% used [0x00000000d5580000,0x00000000d6b00000,0x00000000d6b00000)
  from space 3584K, 0% used [0x00000000d6b80000,0x00000000d6b80000,0x00000000d6f00000)
  to   space 1536K, 0% used [0x00000000d7100000,0x00000000d7100000,0x00000000d7280000)
 ParOldGen       total 68608K, used 18695K [0x0000000080000000, 0x0000000084300000, 0x00000000d5580000)
  object space 68608K, 27% used [0x0000000080000000,0x0000000081241cd8,0x0000000084300000)
 Metaspace       used 36355K, committed 37440K, reserved 1114112K
  class space    used 3832K, committed 4288K, reserved 1048576K
}
Event: 8.423 GC heap after
{Heap after GC invocations=16 (full 2):
 PSYoungGen      total 23040K, used 768K [0x00000000d5580000, 0x00000000d7200000, 0x0000000100000000)
  eden space 22016K, 0% used [0x00000000d5580000,0x00000000d5580000,0x00000000d6b00000)
  from space 1024K, 75% used [0x00000000d7100000,0x00000000d71c0000,0x00000000d7200000)
  to   space 1024K, 0% used [0x00000000d7000000,0x00000000d7000000,0x00000000d7100000)
 ParOldGen       total 68608K, used 18703K [0x0000000080000000, 0x0000000084300000, 0x00000000d5580000)
  object space 68608K, 27% used [0x0000000080000000,0x0000000081243cd8,0x0000000084300000)
 Metaspace       used 36355K, committed 37440K, reserved 1114112K
  class space    used 3832K, committed 4288K, reserved 1048576K
}
Event: 8.706 GC heap before
{Heap before GC invocations=17 (full 2):
 PSYoungGen      total 23040K, used 22783K [0x00000000d5580000, 0x00000000d7200000, 0x0000000100000000)
  eden space 22016K, 99% used [0x00000000d5580000,0x00000000d6affff0,0x00000000d6b00000)
  from space 1024K, 75% used [0x00000000d7100000,0x00000000d71c0000,0x00000000d7200000)
  to   space 1024K, 0% used [0x00000000d7000000,0x00000000d7000000,0x00000000d7100000)
 ParOldGen       total 68608K, used 18703K [0x0000000080000000, 0x0000000084300000, 0x00000000d5580000)
  object space 68608K, 27% used [0x0000000080000000,0x0000000081243cd8,0x0000000084300000)
 Metaspace       used 38217K, committed 39360K, reserved 1114112K
  class space    used 4078K, committed 4544K, reserved 1048576K
}
Event: 8.708 GC heap after
{Heap after GC invocations=17 (full 2):
 PSYoungGen      total 23040K, used 608K [0x00000000d5580000, 0x00000000d7180000, 0x0000000100000000)
  eden space 22016K, 0% used [0x00000000d5580000,0x00000000d5580000,0x00000000d6b00000)
  from space 1024K, 59% used [0x00000000d7000000,0x00000000d7098000,0x00000000d7100000)
  to   space 512K, 0% used [0x00000000d7100000,0x00000000d7100000,0x00000000d7180000)
 ParOldGen       total 68608K, used 19351K [0x0000000080000000, 0x0000000084300000, 0x00000000d5580000)
  object space 68608K, 28% used [0x0000000080000000,0x00000000812e5cd8,0x0000000084300000)
 Metaspace       used 38217K, committed 39360K, reserved 1114112K
  class space    used 4078K, committed 4544K, reserved 1048576K
}
Event: 9.069 GC heap before
{Heap before GC invocations=18 (full 2):
 PSYoungGen      total 23040K, used 22624K [0x00000000d5580000, 0x00000000d7180000, 0x0000000100000000)
  eden space 22016K, 100% used [0x00000000d5580000,0x00000000d6b00000,0x00000000d6b00000)
  from space 1024K, 59% used [0x00000000d7000000,0x00000000d7098000,0x00000000d7100000)
  to   space 512K, 0% used [0x00000000d7100000,0x00000000d7100000,0x00000000d7180000)
 ParOldGen       total 68608K, used 19351K [0x0000000080000000, 0x0000000084300000, 0x00000000d5580000)
  object space 68608K, 28% used [0x0000000080000000,0x00000000812e5cd8,0x0000000084300000)
 Metaspace       used 40690K, committed 41792K, reserved 1114112K
  class space    used 4390K, committed 4864K, reserved 1048576K
}
Event: 9.073 GC heap after
{Heap after GC invocations=18 (full 2):
 PSYoungGen      total 22528K, used 512K [0x00000000d5580000, 0x00000000d7180000, 0x0000000100000000)
  eden space 22016K, 0% used [0x00000000d5580000,0x00000000d5580000,0x00000000d6b00000)
  from space 512K, 100% used [0x00000000d7100000,0x00000000d7180000,0x00000000d7180000)
  to   space 2048K, 0% used [0x00000000d6d80000,0x00000000d6d80000,0x00000000d6f80000)
 ParOldGen       total 68608K, used 20522K [0x0000000080000000, 0x0000000084300000, 0x00000000d5580000)
  object space 68608K, 29% used [0x0000000080000000,0x000000008140a9f8,0x0000000084300000)
 Metaspace       used 40690K, committed 41792K, reserved 1114112K
  class space    used 4390K, committed 4864K, reserved 1048576K
}
Event: 10.159 GC heap before
{Heap before GC invocations=19 (full 2):
 PSYoungGen      total 22528K, used 22528K [0x00000000d5580000, 0x00000000d7180000, 0x0000000100000000)
  eden space 22016K, 100% used [0x00000000d5580000,0x00000000d6b00000,0x00000000d6b00000)
  from space 512K, 100% used [0x00000000d7100000,0x00000000d7180000,0x00000000d7180000)
  to   space 2048K, 0% used [0x00000000d6d80000,0x00000000d6d80000,0x00000000d6f80000)
 ParOldGen       total 68608K, used 20522K [0x0000000080000000, 0x0000000084300000, 0x00000000d5580000)
  object space 68608K, 29% used [0x0000000080000000,0x000000008140a9f8,0x0000000084300000)
 Metaspace       used 43185K, committed 44288K, reserved 1114112K
  class space    used 4729K, committed 5184K, reserved 1048576K
}
Event: 10.162 GC heap after
{Heap after GC invocations=19 (full 2):
 PSYoungGen      total 24064K, used 1344K [0x00000000d5580000, 0x00000000d7180000, 0x0000000100000000)
  eden space 22016K, 0% used [0x00000000d5580000,0x00000000d5580000,0x00000000d6b00000)
  from space 2048K, 65% used [0x00000000d6d80000,0x00000000d6ed0000,0x00000000d6f80000)
  to   space 1536K, 0% used [0x00000000d7000000,0x00000000d7000000,0x00000000d7180000)
 ParOldGen       total 68608K, used 21034K [0x0000000080000000, 0x0000000084300000, 0x00000000d5580000)
  object space 68608K, 30% used [0x0000000080000000,0x000000008148a9f8,0x0000000084300000)
 Metaspace       used 43185K, committed 44288K, reserved 1114112K
  class space    used 4729K, committed 5184K, reserved 1048576K
}
Event: 11.055 GC heap before
{Heap before GC invocations=20 (full 2):
 PSYoungGen      total 24064K, used 23357K [0x00000000d5580000, 0x00000000d7180000, 0x0000000100000000)
  eden space 22016K, 99% used [0x00000000d5580000,0x00000000d6aff4d8,0x00000000d6b00000)
  from space 2048K, 65% used [0x00000000d6d80000,0x00000000d6ed0000,0x00000000d6f80000)
  to   space 1536K, 0% used [0x00000000d7000000,0x00000000d7000000,0x00000000d7180000)
 ParOldGen       total 68608K, used 21034K [0x0000000080000000, 0x0000000084300000, 0x00000000d5580000)
  object space 68608K, 30% used [0x0000000080000000,0x000000008148a9f8,0x0000000084300000)
 Metaspace       used 45368K, committed 46528K, reserved 1114112K
  class space    used 4965K, committed 5504K, reserved 1048576K
}
Event: 11.057 GC heap after
{Heap after GC invocations=20 (full 2):
 PSYoungGen      total 23552K, used 1145K [0x00000000d5580000, 0x00000000d7180000, 0x0000000100000000)
  eden space 22016K, 0% used [0x00000000d5580000,0x00000000d5580000,0x00000000d6b00000)
  from space 1536K, 74% used [0x00000000d7000000,0x00000000d711e7d0,0x00000000d7180000)
  to   space 1536K, 0% used [0x00000000d6e80000,0x00000000d6e80000,0x00000000d7000000)
 ParOldGen       total 68608K, used 22226K [0x0000000080000000, 0x0000000084300000, 0x00000000d5580000)
  object space 68608K, 32% used [0x0000000080000000,0x00000000815b4a18,0x0000000084300000)
 Metaspace       used 45368K, committed 46528K, reserved 1114112K
  class space    used 4965K, committed 5504K, reserved 1048576K
}
Event: 11.679 GC heap before
{Heap before GC invocations=21 (full 2):
 PSYoungGen      total 23552K, used 23161K [0x00000000d5580000, 0x00000000d7180000, 0x0000000100000000)
  eden space 22016K, 100% used [0x00000000d5580000,0x00000000d6b00000,0x00000000d6b00000)
  from space 1536K, 74% used [0x00000000d7000000,0x00000000d711e7d0,0x00000000d7180000)
  to   space 1536K, 0% used [0x00000000d6e80000,0x00000000d6e80000,0x00000000d7000000)
 ParOldGen       total 68608K, used 22226K [0x0000000080000000, 0x0000000084300000, 0x00000000d5580000)
  object space 68608K, 32% used [0x0000000080000000,0x00000000815b4a18,0x0000000084300000)
 Metaspace       used 47578K, committed 48640K, reserved 1114112K
  class space    used 5294K, committed 5760K, reserved 1048576K
}
Event: 11.681 GC heap after
{Heap after GC invocations=21 (full 2):
 PSYoungGen      total 23040K, used 672K [0x00000000d5580000, 0x00000000d7080000, 0x0000000100000000)
  eden space 22016K, 0% used [0x00000000d5580000,0x00000000d5580000,0x00000000d6b00000)
  from space 1024K, 65% used [0x00000000d6e80000,0x00000000d6f28000,0x00000000d6f80000)
  to   space 1024K, 0% used [0x00000000d6f80000,0x00000000d6f80000,0x00000000d7080000)
 ParOldGen       total 68608K, used 23262K [0x0000000080000000, 0x0000000084300000, 0x00000000d5580000)
  object space 68608K, 33% used [0x0000000080000000,0x00000000816b79c8,0x0000000084300000)
 Metaspace       used 47578K, committed 48640K, reserved 1114112K
  class space    used 5294K, committed 5760K, reserved 1048576K
}
Event: 12.232 GC heap before
{Heap before GC invocations=22 (full 2):
 PSYoungGen      total 23040K, used 22688K [0x00000000d5580000, 0x00000000d7080000, 0x0000000100000000)
  eden space 22016K, 100% used [0x00000000d5580000,0x00000000d6b00000,0x00000000d6b00000)
  from space 1024K, 65% used [0x00000000d6e80000,0x00000000d6f28000,0x00000000d6f80000)
  to   space 1024K, 0% used [0x00000000d6f80000,0x00000000d6f80000,0x00000000d7080000)
 ParOldGen       total 68608K, used 23262K [0x0000000080000000, 0x0000000084300000, 0x00000000d5580000)
  object space 68608K, 33% used [0x0000000080000000,0x00000000816b79c8,0x0000000084300000)
 Metaspace       used 48827K, committed 49984K, reserved 1114112K
  class space    used 5490K, committed 6016K, reserved 1048576K
}
Event: 12.236 GC heap after
{Heap after GC invocations=22 (full 2):
 PSYoungGen      total 16896K, used 1015K [0x00000000d5580000, 0x00000000d8000000, 0x0000000100000000)
  eden space 15872K, 0% used [0x00000000d5580000,0x00000000d5580000,0x00000000d6500000)
  from space 1024K, 99% used [0x00000000d6f80000,0x00000000d707ddf8,0x00000000d7080000)
  to   space 10752K, 0% used [0x00000000d6500000,0x00000000d6500000,0x00000000d6f80000)
 ParOldGen       total 68608K, used 31524K [0x0000000080000000, 0x0000000084300000, 0x00000000d5580000)
  object space 68608K, 45% used [0x0000000080000000,0x0000000081ec9038,0x0000000084300000)
 Metaspace       used 48827K, committed 49984K, reserved 1114112K
  class space    used 5490K, committed 6016K, reserved 1048576K
}

