# JRE version: OpenJDK Runtime Environment Temurin-21.0.9+10 (21.0.9+10) (build 21.0.9+10-LTS)
# Java VM: OpenJDK 64-Bit Server VM Temurin-21.0.9+10 (21.0.9+10-LTS, mixed mode, sharing, tiered, compressed oops, compressed class ptrs, parallel gc, windows-amd64)
GC Precious Log:
 CardTable entry size: 512
 CPUs: 4 total, 4 available
 Memory: 16337M
 Large Page Support: Disabled
 NUMA Support: Disabled
 Compressed Oops: Enabled (32-bit)
 Alignments: Space 512K, Generation 512K, Heap 2M
 Heap Min Capacity: 100M
 Heap Initial Capacity: 100M
 Heap Max Capacity: 2G
 Pre-touch: Disabled
 Parallel Workers: 4
Heap:
 PSYoungGen      total 23040K, used 8104K [0x00000000d5580000, 0x00000000d7100000, 0x0000000100000000)
  eden space 22016K, 33% used [0x00000000d5580000,0x00000000d5cc2058,0x00000000d6b00000)
  from space 1024K, 65% used [0x00000000d6b00000,0x00000000d6ba8000,0x00000000d6c00000)
  to   space 2560K, 0% used [0x00000000d6e80000,0x00000000d6e80000,0x00000000d7100000)
 ParOldGen       total 68608K, used 33742K [0x0000000080000000, 0x0000000084300000, 0x00000000d5580000)
  object space 68608K, 49% used [0x0000000080000000,0x00000000820f3bc0,0x0000000084300000)
 Metaspace       used 50324K, committed 51520K, reserved 1114112K
  class space    used 5742K, committed 6272K, reserved 1048576K
GC Heap History (20 events):
Event: 9.623 GC heap before
{Heap before GC invocations=14 (full 1):
 PSYoungGen      total 23040K, used 17440K [0x00000000d5580000, 0x00000000d7100000, 0x0000000100000000)
  eden space 22016K, 75% used [0x00000000d5580000,0x00000000d65b4390,0x00000000d6b00000)
  from space 1024K, 82% used [0x00000000d7000000,0x00000000d70d4010,0x00000000d7100000)
  to   space 1536K, 0% used [0x00000000d6e00000,0x00000000d6e00000,0x00000000d6f80000)
 ParOldGen       total 68608K, used 17271K [0x0000000080000000, 0x0000000084300000, 0x00000000d5580000)
  object space 68608K, 25% used [0x0000000080000000,0x00000000810ddd88,0x0000000084300000)
 Metaspace       used 34755K, committed 35840K, reserved 1114112K
  class space    used 3617K, committed 4160K, reserved 1048576K
}
Event: 9.624 GC heap after
{Heap after GC invocations=14 (full 1):
 PSYoungGen      total 23552K, used 1520K [0x00000000d5580000, 0x00000000d7080000, 0x0000000100000000)
  eden space 22016K, 0% used [0x00000000d5580000,0x00000000d5580000,0x00000000d6b00000)
  from space 1536K, 98% used [0x00000000d6e00000,0x00000000d6f7c230,0x00000000d6f80000)
  to   space 1024K, 0% used [0x00000000d6f80000,0x00000000d6f80000,0x00000000d7080000)
 ParOldGen       total 68608K, used 17990K [0x0000000080000000, 0x0000000084300000, 0x00000000d5580000)
  object space 68608K, 26% used [0x0000000080000000,0x0000000081191b20,0x0000000084300000)
 Metaspace       used 34755K, committed 35840K, reserved 1114112K
  class space    used 3617K, committed 4160K, reserved 1048576K
}
Event: 9.624 GC heap before
{Heap before GC invocations=15 (full 2):
 PSYoungGen      total 23552K, used 1520K [0x00000000d5580000, 0x00000000d7080000, 0x0000000100000000)
  eden space 22016K, 0% used [0x00000000d5580000,0x00000000d5580000,0x00000000d6b00000)
  from space 1536K, 98% used [0x00000000d6e00000,0x00000000d6f7c230,0x00000000d6f80000)
  to   space 1024K, 0% used [0x00000000d6f80000,0x00000000d6f80000,0x00000000d7080000)
 ParOldGen       total 68608K, used 17990K [0x0000000080000000, 0x0000000084300000, 0x00000000d5580000)
  object space 68608K, 26% used [0x0000000080000000,0x0000000081191b20,0x0000000084300000)
 Metaspace       used 34755K, committed 35840K, reserved 1114112K
  class space    used 3617K, committed 4160K, reserved 1048576K
}
Event: 9.657 GC heap after
{Heap after GC invocations=15 (full 2):
 PSYoungGen      total 23552K, used 0K [0x00000000d5580000, 0x00000000d7080000, 0x0000000100000000)
  eden space 22016K, 0% used [0x00000000d5580000,0x00000000d5580000,0x00000000d6b00000)
  from space 1536K, 0% used [0x00000000d6e00000,0x00000000d6e00000,0x00000000d6f80000)
  to   space 1024K, 0% used [0x00000000d6f80000,0x00000000d6f80000,0x00000000d7080000)
 ParOldGen       total 68608K, used 18554K [0x0000000080000000, 0x0000000084300000, 0x00000000d5580000)
  object space 68608K, 27% used [0x0000000080000000,0x000000008121e8a0,0x0000000084300000)
 Metaspace       used 34755K, committed 35840K, reserved 1114112K
  class space    used 3617K, committed 4160K, reserved 1048576K
}
Event: 10.001 GC heap before
{Heap before GC invocations=16 (full 2):
 PSYoungGen      total 23552K, used 22016K [0x00000000d5580000, 0x00000000d7080000, 0x0000000100000000)
  eden space 22016K, 100% used [0x00000000d5580000,0x00000000d6b00000,0x00000000d6b00000)
  from space 1536K, 0% used [0x00000000d6e00000,0x00000000d6e00000,0x00000000d6f80000)
  to   space 1024K, 0% used [0x00000000d6f80000,0x00000000d6f80000,0x00000000d7080000)
 ParOldGen       total 68608K, used 18554K [0x0000000080000000, 0x0000000084300000, 0x00000000d5580000)
  object space 68608K, 27% used [0x0000000080000000,0x000000008121e8a0,0x0000000084300000)
 Metaspace       used 37017K, committed 38080K, reserved 1114112K
  class space    used 3915K, committed 4416K, reserved 1048576K
}
Event: 10.004 GC heap after
{Heap after GC invocations=16 (full 2):
 PSYoungGen      total 23040K, used 1012K [0x00000000d5580000, 0x00000000d7080000, 0x0000000100000000)
  eden space 22016K, 0% used [0x00000000d5580000,0x00000000d5580000,0x00000000d6b00000)
  from space 1024K, 98% used [0x00000000d6f80000,0x00000000d707d228,0x00000000d7080000)
  to   space 2048K, 0% used [0x00000000d6c80000,0x00000000d6c80000,0x00000000d6e80000)
 ParOldGen       total 68608K, used 19254K [0x0000000080000000, 0x0000000084300000, 0x00000000d5580000)
  object space 68608K, 28% used [0x0000000080000000,0x00000000812cdae8,0x0000000084300000)
 Metaspace       used 37017K, committed 38080K, reserved 1114112K
  class space    used 3915K, committed 4416K, reserved 1048576K
}
Event: 10.617 GC heap before
{Heap before GC invocations=17 (full 2):
 PSYoungGen      total 23040K, used 23028K [0x00000000d5580000, 0x00000000d7080000, 0x0000000100000000)
  eden space 22016K, 100% used [0x00000000d5580000,0x00000000d6b00000,0x00000000d6b00000)
  from space 1024K, 98% used [0x00000000d6f80000,0x00000000d707d228,0x00000000d7080000)
  to   space 2048K, 0% used [0x00000000d6c80000,0x00000000d6c80000,0x00000000d6e80000)
 ParOldGen       total 68608K, used 19254K [0x0000000080000000, 0x0000000084300000, 0x00000000d5580000)
  object space 68608K, 28% used [0x0000000080000000,0x00000000812cdae8,0x0000000084300000)
 Metaspace       used 39441K, committed 40512K, reserved 1114112K
  class space    used 4222K, committed 4736K, reserved 1048576K
}
Event: 10.619 GC heap after
{Heap after GC invocations=17 (full 2):
 PSYoungGen      total 24064K, used 960K [0x00000000d5580000, 0x00000000d7000000, 0x0000000100000000)
  eden space 22016K, 0% used [0x00000000d5580000,0x00000000d5580000,0x00000000d6b00000)
  from space 2048K, 46% used [0x00000000d6c80000,0x00000000d6d70000,0x00000000d6e80000)
  to   space 1536K, 0% used [0x00000000d6e80000,0x00000000d6e80000,0x00000000d7000000)
 ParOldGen       total 68608K, used 20267K [0x0000000080000000, 0x0000000084300000, 0x00000000d5580000)
  object space 68608K, 29% used [0x0000000080000000,0x00000000813cad30,0x0000000084300000)
 Metaspace       used 39441K, committed 40512K, reserved 1114112K
  class space    used 4222K, committed 4736K, reserved 1048576K
}
Event: 11.645 GC heap before
{Heap before GC invocations=18 (full 2):
 PSYoungGen      total 24064K, used 22976K [0x00000000d5580000, 0x00000000d7000000, 0x0000000100000000)
  eden space 22016K, 100% used [0x00000000d5580000,0x00000000d6b00000,0x00000000d6b00000)
  from space 2048K, 46% used [0x00000000d6c80000,0x00000000d6d70000,0x00000000d6e80000)
  to   space 1536K, 0% used [0x00000000d6e80000,0x00000000d6e80000,0x00000000d7000000)
 ParOldGen       total 68608K, used 20267K [0x0000000080000000, 0x0000000084300000, 0x00000000d5580000)
  object space 68608K, 29% used [0x0000000080000000,0x00000000813cad30,0x0000000084300000)
 Metaspace       used 41903K, committed 43008K, reserved 1114112K
  class space    used 4542K, committed 5056K, reserved 1048576K
}
Event: 11.647 GC heap after
{Heap after GC invocations=18 (full 2):
 PSYoungGen      total 23552K, used 1440K [0x00000000d5580000, 0x00000000d7000000, 0x0000000100000000)
  eden space 22016K, 0% used [0x00000000d5580000,0x00000000d5580000,0x00000000d6b00000)
  from space 1536K, 93% used [0x00000000d6e80000,0x00000000d6fe8000,0x00000000d7000000)
  to   space 1536K, 0% used [0x00000000d6d00000,0x00000000d6d00000,0x00000000d6e80000)
 ParOldGen       total 68608K, used 21099K [0x0000000080000000, 0x0000000084300000, 0x00000000d5580000)
  object space 68608K, 30% used [0x0000000080000000,0x000000008149ad40,0x0000000084300000)
 Metaspace       used 41903K, committed 43008K, reserved 1114112K
  class space    used 4542K, committed 5056K, reserved 1048576K
}
Event: 13.262 GC heap before
{Heap before GC invocations=19 (full 2):
 PSYoungGen      total 23552K, used 23455K [0x00000000d5580000, 0x00000000d7000000, 0x0000000100000000)
  eden space 22016K, 99% used [0x00000000d5580000,0x00000000d6affd60,0x00000000d6b00000)
  from space 1536K, 93% used [0x00000000d6e80000,0x00000000d6fe8000,0x00000000d7000000)
  to   space 1536K, 0% used [0x00000000d6d00000,0x00000000d6d00000,0x00000000d6e80000)
 ParOldGen       total 68608K, used 21099K [0x0000000080000000, 0x0000000084300000, 0x00000000d5580000)
  object space 68608K, 30% used [0x0000000080000000,0x000000008149ad40,0x0000000084300000)
 Metaspace       used 44413K, committed 45568K, reserved 1114112K
  class space    used 4868K, committed 5376K, reserved 1048576K
}
Event: 13.265 GC heap after
{Heap after GC invocations=19 (full 2):
 PSYoungGen      total 23552K, used 1504K [0x00000000d5580000, 0x00000000d6f00000, 0x0000000100000000)
  eden space 22016K, 0% used [0x00000000d5580000,0x00000000d5580000,0x00000000d6b00000)
  from space 1536K, 97% used [0x00000000d6d00000,0x00000000d6e78000,0x00000000d6e80000)
  to   space 512K, 0% used [0x00000000d6e80000,0x00000000d6e80000,0x00000000d6f00000)
 ParOldGen       total 68608K, used 22422K [0x0000000080000000, 0x0000000084300000, 0x00000000d5580000)
  object space 68608K, 32% used [0x0000000080000000,0x00000000815e5a70,0x0000000084300000)
 Metaspace       used 44413K, committed 45568K, reserved 1114112K
  class space    used 4868K, committed 5376K, reserved 1048576K
}
Event: 15.394 GC heap before
{Heap before GC invocations=20 (full 2):
 PSYoungGen      total 23552K, used 23520K [0x00000000d5580000, 0x00000000d6f00000, 0x0000000100000000)
  eden space 22016K, 100% used [0x00000000d5580000,0x00000000d6b00000,0x00000000d6b00000)
  from space 1536K, 97% used [0x00000000d6d00000,0x00000000d6e78000,0x00000000d6e80000)
  to   space 512K, 0% used [0x00000000d6e80000,0x00000000d6e80000,0x00000000d6f00000)
 ParOldGen       total 68608K, used 22422K [0x0000000080000000, 0x0000000084300000, 0x00000000d5580000)
  object space 68608K, 32% used [0x0000000080000000,0x00000000815e5a70,0x0000000084300000)
 Metaspace       used 46413K, committed 47616K, reserved 1114112K
  class space    used 5081K, committed 5632K, reserved 1048576K
}
Event: 15.396 GC heap after
{Heap after GC invocations=20 (full 2):
 PSYoungGen      total 22528K, used 512K [0x00000000d5580000, 0x00000000d7000000, 0x0000000100000000)
  eden space 22016K, 0% used [0x00000000d5580000,0x00000000d5580000,0x00000000d6b00000)
  from space 512K, 100% used [0x00000000d6e80000,0x00000000d6f00000,0x00000000d6f00000)
  to   space 2560K, 0% used [0x00000000d6b00000,0x00000000d6b00000,0x00000000d6d80000)
 ParOldGen       total 68608K, used 23938K [0x0000000080000000, 0x0000000084300000, 0x00000000d5580000)
  object space 68608K, 34% used [0x0000000080000000,0x00000000817609a8,0x0000000084300000)
 Metaspace       used 46413K, committed 47616K, reserved 1114112K
  class space    used 5081K, committed 5632K, reserved 1048576K
}
Event: 15.912 GC heap before
{Heap before GC invocations=21 (full 2):
 PSYoungGen      total 22528K, used 21385K [0x00000000d5580000, 0x00000000d7000000, 0x0000000100000000)
  eden space 22016K, 94% used [0x00000000d5580000,0x00000000d69e2718,0x00000000d6b00000)
  from space 512K, 100% used [0x00000000d6e80000,0x00000000d6f00000,0x00000000d6f00000)
  to   space 2560K, 0% used [0x00000000d6b00000,0x00000000d6b00000,0x00000000d6d80000)
 ParOldGen       total 68608K, used 23938K [0x0000000080000000, 0x0000000084300000, 0x00000000d5580000)
  object space 68608K, 34% used [0x0000000080000000,0x00000000817609a8,0x0000000084300000)
 Metaspace       used 48141K, committed 49344K, reserved 1114112K
  class space    used 5366K, committed 5952K, reserved 1048576K
}
Event: 15.916 GC heap after
{Heap after GC invocations=21 (full 2):
 PSYoungGen      total 24576K, used 2554K [0x00000000d5580000, 0x00000000d7600000, 0x0000000100000000)
  eden space 22016K, 0% used [0x00000000d5580000,0x00000000d5580000,0x00000000d6b00000)
  from space 2560K, 99% used [0x00000000d6b00000,0x00000000d6d7eb60,0x00000000d6d80000)
  to   space 5632K, 0% used [0x00000000d7080000,0x00000000d7080000,0x00000000d7600000)
 ParOldGen       total 68608K, used 26317K [0x0000000080000000, 0x0000000084300000, 0x00000000d5580000)
  object space 68608K, 38% used [0x0000000080000000,0x00000000819b3498,0x0000000084300000)
 Metaspace       used 48141K, committed 49344K, reserved 1114112K
  class space    used 5366K, committed 5952K, reserved 1048576K
}
Event: 16.314 GC heap before
{Heap before GC invocations=22 (full 2):
 PSYoungGen      total 24576K, used 24570K [0x00000000d5580000, 0x00000000d7600000, 0x0000000100000000)
  eden space 22016K, 100% used [0x00000000d5580000,0x00000000d6b00000,0x00000000d6b00000)
  from space 2560K, 99% used [0x00000000d6b00000,0x00000000d6d7eb60,0x00000000d6d80000)
  to   space 5632K, 0% used [0x00000000d7080000,0x00000000d7080000,0x00000000d7600000)
 ParOldGen       total 68608K, used 26317K [0x0000000080000000, 0x0000000084300000, 0x00000000d5580000)
  object space 68608K, 38% used [0x0000000080000000,0x00000000819b3498,0x0000000084300000)
 Metaspace       used 49695K, committed 50944K, reserved 1114112K
  class space    used 5653K, committed 6208K, reserved 1048576K
}
Event: 16.318 GC heap after
{Heap after GC invocations=22 (full 2):
 PSYoungGen      total 27648K, used 4989K [0x00000000d5580000, 0x00000000d7600000, 0x0000000100000000)
  eden space 22016K, 0% used [0x00000000d5580000,0x00000000d5580000,0x00000000d6b00000)
  from space 5632K, 88% used [0x00000000d7080000,0x00000000d755f7d8,0x00000000d7600000)
  to   space 5632K, 0% used [0x00000000d6b00000,0x00000000d6b00000,0x00000000d7080000)
 ParOldGen       total 68608K, used 28858K [0x0000000080000000, 0x0000000084300000, 0x00000000d5580000)
  object space 68608K, 42% used [0x0000000080000000,0x0000000081c2ea40,0x0000000084300000)
 Metaspace       used 49695K, committed 50944K, reserved 1114112K
  class space    used 5653K, committed 6208K, reserved 1048576K
}
Event: 16.742 GC heap before
{Heap before GC invocations=23 (full 2):
 PSYoungGen      total 27648K, used 27005K [0x00000000d5580000, 0x00000000d7600000, 0x0000000100000000)
  eden space 22016K, 100% used [0x00000000d5580000,0x00000000d6b00000,0x00000000d6b00000)
  from space 5632K, 88% used [0x00000000d7080000,0x00000000d755f7d8,0x00000000d7600000)
  to   space 5632K, 0% used [0x00000000d6b00000,0x00000000d6b00000,0x00000000d7080000)
 ParOldGen       total 68608K, used 28858K [0x0000000080000000, 0x0000000084300000, 0x00000000d5580000)
  object space 68608K, 42% used [0x0000000080000000,0x0000000081c2ea40,0x0000000084300000)
 Metaspace       used 50310K, committed 51520K, reserved 1114112K
  class space    used 5741K, committed 6272K, reserved 1048576K
}
Event: 16.745 GC heap after
{Heap after GC invocations=23 (full 2):
 PSYoungGen      total 23040K, used 672K [0x00000000d5580000, 0x00000000d7100000, 0x0000000100000000)
  eden space 22016K, 0% used [0x00000000d5580000,0x00000000d5580000,0x00000000d6b00000)
  from space 1024K, 65% used [0x00000000d6b00000,0x00000000d6ba8000,0x00000000d6c00000)
  to   space 2560K, 0% used [0x00000000d6e80000,0x00000000d6e80000,0x00000000d7100000)
 ParOldGen       total 68608K, used 33742K [0x0000000080000000, 0x0000000084300000, 0x00000000d5580000)
  object space 68608K, 49% used [0x0000000080000000,0x00000000820f3bc0,0x0000000084300000)
 Metaspace       used 50310K, committed 51520K, reserved 1114112K
  class space    used 5741K, committed 6272K, reserved 1048576K
}

