# JRE version: OpenJDK Runtime Environment Temurin-21.0.9+10 (21.0.9+10) (build 21.0.9+10-LTS)
# Java VM: OpenJDK 64-Bit Server VM Temurin-21.0.9+10 (21.0.9+10-LTS, mixed mode, sharing, tiered, compressed oops, compressed class ptrs, parallel gc, windows-amd64)
GC Precious Log:
 CardTable entry size: 512
 CPUs: 4 total, 4 available
 Memory: 16337M
 Large Page Support: Disabled
 NUMA Support: Disabled
 Compressed Oops: Enabled (32-bit)
 Alignments: Space 512K, Generation 512K, Heap 2M
 Heap Min Capacity: 100M
 Heap Initial Capacity: 100M
 Heap Max Capacity: 2G
 Pre-touch: Disabled
 Parallel Workers: 4
Heap:
 PSYoungGen      total 24576K, used 5559K [0x00000000d5580000, 0x00000000d7080000, 0x0000000100000000)
  eden space 22016K, 21% used [0x00000000d5580000,0x00000000d5a39b48,0x00000000d6b00000)
  from space 2560K, 28% used [0x00000000d6c00000,0x00000000d6cb43e8,0x00000000d6e80000)
  to   space 1024K, 0% used [0x00000000d6f80000,0x00000000d6f80000,0x00000000d7080000)
 ParOldGen       total 68608K, used 39164K [0x0000000080000000, 0x0000000084300000, 0x00000000d5580000)
  object space 68608K, 57% used [0x0000000080000000,0x000000008263f3f0,0x0000000084300000)
 Metaspace       used 54521K, committed 55744K, reserved 1114112K
  class space    used 6459K, committed 7040K, reserved 1048576K
GC Heap History (20 events):
Event: 12.955 GC heap before
{Heap before GC invocations=18 (full 2):
 PSYoungGen      total 23040K, used 23019K [0x00000000d5580000, 0x00000000d7100000, 0x0000000100000000)
  eden space 22016K, 100% used [0x00000000d5580000,0x00000000d6b00000,0x00000000d6b00000)
  from space 1024K, 97% used [0x00000000d6e00000,0x00000000d6efad38,0x00000000d6f00000)
  to   space 1536K, 0% used [0x00000000d6f80000,0x00000000d6f80000,0x00000000d7100000)
 ParOldGen       total 68608K, used 19754K [0x0000000080000000, 0x0000000084300000, 0x00000000d5580000)
  object space 68608K, 28% used [0x0000000080000000,0x000000008134aa98,0x0000000084300000)
 Metaspace       used 41751K, committed 42944K, reserved 1114112K
  class space    used 4549K, committed 5056K, reserved 1048576K
}
Event: 12.957 GC heap after
{Heap after GC invocations=18 (full 2):
 PSYoungGen      total 23552K, used 1312K [0x00000000d5580000, 0x00000000d7100000, 0x0000000100000000)
  eden space 22016K, 0% used [0x00000000d5580000,0x00000000d5580000,0x00000000d6b00000)
  from space 1536K, 85% used [0x00000000d6f80000,0x00000000d70c8000,0x00000000d7100000)
  to   space 1536K, 0% used [0x00000000d6e00000,0x00000000d6e00000,0x00000000d6f80000)
 ParOldGen       total 68608K, used 20562K [0x0000000080000000, 0x0000000084300000, 0x00000000d5580000)
  object space 68608K, 29% used [0x0000000080000000,0x0000000081414a98,0x0000000084300000)
 Metaspace       used 41751K, committed 42944K, reserved 1114112K
  class space    used 4549K, committed 5056K, reserved 1048576K
}
Event: 14.393 GC heap before
{Heap before GC invocations=19 (full 2):
 PSYoungGen      total 23552K, used 23320K [0x00000000d5580000, 0x00000000d7100000, 0x0000000100000000)
  eden space 22016K, 99% used [0x00000000d5580000,0x00000000d6afe088,0x00000000d6b00000)
  from space 1536K, 85% used [0x00000000d6f80000,0x00000000d70c8000,0x00000000d7100000)
  to   space 1536K, 0% used [0x00000000d6e00000,0x00000000d6e00000,0x00000000d6f80000)
 ParOldGen       total 68608K, used 20562K [0x0000000080000000, 0x0000000084300000, 0x00000000d5580000)
  object space 68608K, 29% used [0x0000000080000000,0x0000000081414a98,0x0000000084300000)
 Metaspace       used 44162K, committed 45376K, reserved 1114112K
  class space    used 4857K, committed 5440K, reserved 1048576K
}
Event: 14.399 GC heap after
{Heap after GC invocations=19 (full 2):
 PSYoungGen      total 23552K, used 1536K [0x00000000d5580000, 0x00000000d7100000, 0x0000000100000000)
  eden space 22016K, 0% used [0x00000000d5580000,0x00000000d5580000,0x00000000d6b00000)
  from space 1536K, 100% used [0x00000000d6e00000,0x00000000d6f80000,0x00000000d6f80000)
  to   space 1536K, 0% used [0x00000000d6f80000,0x00000000d6f80000,0x00000000d7100000)
 ParOldGen       total 68608K, used 21818K [0x0000000080000000, 0x0000000084300000, 0x00000000d5580000)
  object space 68608K, 31% used [0x0000000080000000,0x000000008154eac8,0x0000000084300000)
 Metaspace       used 44162K, committed 45376K, reserved 1114112K
  class space    used 4857K, committed 5440K, reserved 1048576K
}
Event: 16.138 GC heap before
{Heap before GC invocations=20 (full 2):
 PSYoungGen      total 23552K, used 23552K [0x00000000d5580000, 0x00000000d7100000, 0x0000000100000000)
  eden space 22016K, 100% used [0x00000000d5580000,0x00000000d6b00000,0x00000000d6b00000)
  from space 1536K, 100% used [0x00000000d6e00000,0x00000000d6f80000,0x00000000d6f80000)
  to   space 1536K, 0% used [0x00000000d6f80000,0x00000000d6f80000,0x00000000d7100000)
 ParOldGen       total 68608K, used 21818K [0x0000000080000000, 0x0000000084300000, 0x00000000d5580000)
  object space 68608K, 31% used [0x0000000080000000,0x000000008154eac8,0x0000000084300000)
 Metaspace       used 46200K, committed 47360K, reserved 1114112K
  class space    used 5065K, committed 5568K, reserved 1048576K
}
Event: 16.140 GC heap after
{Heap after GC invocations=20 (full 2):
 PSYoungGen      total 23040K, used 736K [0x00000000d5580000, 0x00000000d7080000, 0x0000000100000000)
  eden space 22016K, 0% used [0x00000000d5580000,0x00000000d5580000,0x00000000d6b00000)
  from space 1024K, 71% used [0x00000000d6f80000,0x00000000d7038000,0x00000000d7080000)
  to   space 1536K, 0% used [0x00000000d6d80000,0x00000000d6d80000,0x00000000d6f00000)
 ParOldGen       total 68608K, used 23270K [0x0000000080000000, 0x0000000084300000, 0x00000000d5580000)
  object space 68608K, 33% used [0x0000000080000000,0x00000000816b99b0,0x0000000084300000)
 Metaspace       used 46200K, committed 47360K, reserved 1114112K
  class space    used 5065K, committed 5568K, reserved 1048576K
}
Event: 16.598 GC heap before
{Heap before GC invocations=21 (full 2):
 PSYoungGen      total 23040K, used 22749K [0x00000000d5580000, 0x00000000d7080000, 0x0000000100000000)
  eden space 22016K, 99% used [0x00000000d5580000,0x00000000d6aff600,0x00000000d6b00000)
  from space 1024K, 71% used [0x00000000d6f80000,0x00000000d7038000,0x00000000d7080000)
  to   space 1536K, 0% used [0x00000000d6d80000,0x00000000d6d80000,0x00000000d6f00000)
 ParOldGen       total 68608K, used 23270K [0x0000000080000000, 0x0000000084300000, 0x00000000d5580000)
  object space 68608K, 33% used [0x0000000080000000,0x00000000816b99b0,0x0000000084300000)
 Metaspace       used 48036K, committed 49216K, reserved 1114112K
  class space    used 5371K, committed 5888K, reserved 1048576K
}
Event: 16.601 GC heap after
{Heap after GC invocations=21 (full 2):
 PSYoungGen      total 23552K, used 1527K [0x00000000d5580000, 0x00000000d7700000, 0x0000000100000000)
  eden space 22016K, 0% used [0x00000000d5580000,0x00000000d5580000,0x00000000d6b00000)
  from space 1536K, 99% used [0x00000000d6d80000,0x00000000d6efde60,0x00000000d6f00000)
  to   space 6144K, 0% used [0x00000000d7100000,0x00000000d7100000,0x00000000d7700000)
 ParOldGen       total 68608K, used 26806K [0x0000000080000000, 0x0000000084300000, 0x00000000d5580000)
  object space 68608K, 39% used [0x0000000080000000,0x0000000081a2d890,0x0000000084300000)
 Metaspace       used 48036K, committed 49216K, reserved 1114112K
  class space    used 5371K, committed 5888K, reserved 1048576K
}
Event: 17.198 GC heap before
{Heap before GC invocations=22 (full 2):
 PSYoungGen      total 23552K, used 23543K [0x00000000d5580000, 0x00000000d7700000, 0x0000000100000000)
  eden space 22016K, 100% used [0x00000000d5580000,0x00000000d6b00000,0x00000000d6b00000)
  from space 1536K, 99% used [0x00000000d6d80000,0x00000000d6efde60,0x00000000d6f00000)
  to   space 6144K, 0% used [0x00000000d7100000,0x00000000d7100000,0x00000000d7700000)
 ParOldGen       total 68608K, used 26806K [0x0000000080000000, 0x0000000084300000, 0x00000000d5580000)
  object space 68608K, 39% used [0x0000000080000000,0x0000000081a2d890,0x0000000084300000)
 Metaspace       used 49590K, committed 50816K, reserved 1114112K
  class space    used 5658K, committed 6208K, reserved 1048576K
}
Event: 17.201 GC heap after
{Heap after GC invocations=22 (full 2):
 PSYoungGen      total 27136K, used 4989K [0x00000000d5580000, 0x00000000d7600000, 0x0000000100000000)
  eden space 22016K, 0% used [0x00000000d5580000,0x00000000d5580000,0x00000000d6b00000)
  from space 5120K, 97% used [0x00000000d7100000,0x00000000d75df768,0x00000000d7600000)
  to   space 5632K, 0% used [0x00000000d6b00000,0x00000000d6b00000,0x00000000d7080000)
 ParOldGen       total 68608K, used 28335K [0x0000000080000000, 0x0000000084300000, 0x00000000d5580000)
  object space 68608K, 41% used [0x0000000080000000,0x0000000081babc80,0x0000000084300000)
 Metaspace       used 49590K, committed 50816K, reserved 1114112K
  class space    used 5658K, committed 6208K, reserved 1048576K
}
Event: 17.628 GC heap before
{Heap before GC invocations=23 (full 2):
 PSYoungGen      total 27136K, used 27005K [0x00000000d5580000, 0x00000000d7600000, 0x0000000100000000)
  eden space 22016K, 100% used [0x00000000d5580000,0x00000000d6b00000,0x00000000d6b00000)
  from space 5120K, 97% used [0x00000000d7100000,0x00000000d75df768,0x00000000d7600000)
  to   space 5632K, 0% used [0x00000000d6b00000,0x00000000d6b00000,0x00000000d7080000)
 ParOldGen       total 68608K, used 28335K [0x0000000080000000, 0x0000000084300000, 0x00000000d5580000)
  object space 68608K, 41% used [0x0000000080000000,0x0000000081babc80,0x0000000084300000)
 Metaspace       used 50204K, committed 51392K, reserved 1114112K
  class space    used 5745K, committed 6272K, reserved 1048576K
}
Event: 17.631 GC heap after
{Heap after GC invocations=23 (full 2):
 PSYoungGen      total 23040K, used 672K [0x00000000d5580000, 0x00000000d7180000, 0x0000000100000000)
  eden space 22016K, 0% used [0x00000000d5580000,0x00000000d5580000,0x00000000d6b00000)
  from space 1024K, 65% used [0x00000000d6b00000,0x00000000d6ba8000,0x00000000d6c00000)
  to   space 2560K, 0% used [0x00000000d6f00000,0x00000000d6f00000,0x00000000d7180000)
 ParOldGen       total 68608K, used 33269K [0x0000000080000000, 0x0000000084300000, 0x00000000d5580000)
  object space 68608K, 48% used [0x0000000080000000,0x000000008207d4c0,0x0000000084300000)
 Metaspace       used 50204K, committed 51392K, reserved 1114112K
  class space    used 5745K, committed 6272K, reserved 1048576K
}
Event: 18.020 GC heap before
{Heap before GC invocations=24 (full 2):
 PSYoungGen      total 23040K, used 22688K [0x00000000d5580000, 0x00000000d7180000, 0x0000000100000000)
  eden space 22016K, 100% used [0x00000000d5580000,0x00000000d6b00000,0x00000000d6b00000)
  from space 1024K, 65% used [0x00000000d6b00000,0x00000000d6ba8000,0x00000000d6c00000)
  to   space 2560K, 0% used [0x00000000d6f00000,0x00000000d6f00000,0x00000000d7180000)
 ParOldGen       total 68608K, used 33269K [0x0000000080000000, 0x0000000084300000, 0x00000000d5580000)
  object space 68608K, 48% used [0x0000000080000000,0x000000008207d4c0,0x0000000084300000)
 Metaspace       used 50224K, committed 51392K, reserved 1114112K
  class space    used 5746K, committed 6272K, reserved 1048576K
}
Event: 18.021 GC heap after
{Heap after GC invocations=24 (full 2):
 PSYoungGen      total 23040K, used 672K [0x00000000d5580000, 0x00000000d7000000, 0x0000000100000000)
  eden space 22016K, 0% used [0x00000000d5580000,0x00000000d5580000,0x00000000d6b00000)
  from space 1024K, 65% used [0x00000000d6f00000,0x00000000d6fa8000,0x00000000d7000000)
  to   space 1024K, 0% used [0x00000000d6b00000,0x00000000d6b00000,0x00000000d6c00000)
 ParOldGen       total 68608K, used 33846K [0x0000000080000000, 0x0000000084300000, 0x00000000d5580000)
  object space 68608K, 49% used [0x0000000080000000,0x000000008210d860,0x0000000084300000)
 Metaspace       used 50224K, committed 51392K, reserved 1114112K
  class space    used 5746K, committed 6272K, reserved 1048576K
}
Event: 18.245 GC heap before
{Heap before GC invocations=25 (full 2):
 PSYoungGen      total 23040K, used 22688K [0x00000000d5580000, 0x00000000d7000000, 0x0000000100000000)
  eden space 22016K, 100% used [0x00000000d5580000,0x00000000d6b00000,0x00000000d6b00000)
  from space 1024K, 65% used [0x00000000d6f00000,0x00000000d6fa8000,0x00000000d7000000)
  to   space 1024K, 0% used [0x00000000d6b00000,0x00000000d6b00000,0x00000000d6c00000)
 ParOldGen       total 68608K, used 33846K [0x0000000080000000, 0x0000000084300000, 0x00000000d5580000)
  object space 68608K, 49% used [0x0000000080000000,0x000000008210d860,0x0000000084300000)
 Metaspace       used 50234K, committed 51392K, reserved 1114112K
  class space    used 5747K, committed 6272K, reserved 1048576K
}
Event: 18.247 GC heap after
{Heap after GC invocations=25 (full 2):
 PSYoungGen      total 23040K, used 1011K [0x00000000d5580000, 0x00000000d7500000, 0x0000000100000000)
  eden space 22016K, 0% used [0x00000000d5580000,0x00000000d5580000,0x00000000d6b00000)
  from space 1024K, 98% used [0x00000000d6b00000,0x00000000d6bfcf88,0x00000000d6c00000)
  to   space 5120K, 0% used [0x00000000d7000000,0x00000000d7000000,0x00000000d7500000)
 ParOldGen       total 68608K, used 37255K [0x0000000080000000, 0x0000000084300000, 0x00000000d5580000)
  object space 68608K, 54% used [0x0000000080000000,0x0000000082461c88,0x0000000084300000)
 Metaspace       used 50234K, committed 51392K, reserved 1114112K
  class space    used 5747K, committed 6272K, reserved 1048576K
}
Event: 18.660 GC heap before
{Heap before GC invocations=26 (full 2):
 PSYoungGen      total 23040K, used 23027K [0x00000000d5580000, 0x00000000d7500000, 0x0000000100000000)
  eden space 22016K, 100% used [0x00000000d5580000,0x00000000d6b00000,0x00000000d6b00000)
  from space 1024K, 98% used [0x00000000d6b00000,0x00000000d6bfcf88,0x00000000d6c00000)
  to   space 5120K, 0% used [0x00000000d7000000,0x00000000d7000000,0x00000000d7500000)
 ParOldGen       total 68608K, used 37255K [0x0000000080000000, 0x0000000084300000, 0x00000000d5580000)
  object space 68608K, 54% used [0x0000000080000000,0x0000000082461c88,0x0000000084300000)
 Metaspace       used 51857K, committed 53056K, reserved 1114112K
  class space    used 6052K, committed 6592K, reserved 1048576K
}
Event: 18.662 GC heap after
{Heap after GC invocations=26 (full 2):
 PSYoungGen      total 23040K, used 960K [0x00000000d5580000, 0x00000000d7100000, 0x0000000100000000)
  eden space 22016K, 0% used [0x00000000d5580000,0x00000000d5580000,0x00000000d6b00000)
  from space 1024K, 93% used [0x00000000d7000000,0x00000000d70f0020,0x00000000d7100000)
  to   space 2560K, 0% used [0x00000000d6c00000,0x00000000d6c00000,0x00000000d6e80000)
 ParOldGen       total 68608K, used 38276K [0x0000000080000000, 0x0000000084300000, 0x00000000d5580000)
  object space 68608K, 55% used [0x0000000080000000,0x00000000825613c0,0x0000000084300000)
 Metaspace       used 51857K, committed 53056K, reserved 1114112K
  class space    used 6052K, committed 6592K, reserved 1048576K
}
Event: 19.207 GC heap before
{Heap before GC invocations=27 (full 2):
 PSYoungGen      total 23040K, used 22976K [0x00000000d5580000, 0x00000000d7100000, 0x0000000100000000)
  eden space 22016K, 100% used [0x00000000d5580000,0x00000000d6b00000,0x00000000d6b00000)
  from space 1024K, 93% used [0x00000000d7000000,0x00000000d70f0020,0x00000000d7100000)
  to   space 2560K, 0% used [0x00000000d6c00000,0x00000000d6c00000,0x00000000d6e80000)
 ParOldGen       total 68608K, used 38276K [0x0000000080000000, 0x0000000084300000, 0x00000000d5580000)
  object space 68608K, 55% used [0x0000000080000000,0x00000000825613c0,0x0000000084300000)
 Metaspace       used 54308K, committed 55616K, reserved 1114112K
  class space    used 6449K, committed 7040K, reserved 1048576K
}
Event: 19.209 GC heap after
{Heap after GC invocations=27 (full 2):
 PSYoungGen      total 24576K, used 720K [0x00000000d5580000, 0x00000000d7080000, 0x0000000100000000)
  eden space 22016K, 0% used [0x00000000d5580000,0x00000000d5580000,0x00000000d6b00000)
  from space 2560K, 28% used [0x00000000d6c00000,0x00000000d6cb43e8,0x00000000d6e80000)
  to   space 1024K, 0% used [0x00000000d6f80000,0x00000000d6f80000,0x00000000d7080000)
 ParOldGen       total 68608K, used 39164K [0x0000000080000000, 0x0000000084300000, 0x00000000d5580000)
  object space 68608K, 57% used [0x0000000080000000,0x000000008263f3f0,0x0000000084300000)
 Metaspace       used 54308K, committed 55616K, reserved 1114112K
  class space    used 6449K, committed 7040K, reserved 1048576K
}

