# JRE version: OpenJDK Runtime Environment Temurin-21.0.9+10 (21.0.9+10) (build 21.0.9+10-LTS)
# Java VM: OpenJDK 64-Bit Server VM Temurin-21.0.9+10 (21.0.9+10-LTS, mixed mode, sharing, tiered, compressed oops, compressed class ptrs, parallel gc, windows-amd64)
GC Precious Log:
 CardTable entry size: 512
 CPUs: 4 total, 4 available
 Memory: 16337M
 Large Page Support: Disabled
 NUMA Support: Disabled
 Compressed Oops: Enabled (32-bit)
 Alignments: Space 512K, Generation 512K, Heap 2M
 Heap Min Capacity: 100M
 Heap Initial Capacity: 100M
 Heap Max Capacity: 2G
 Pre-touch: Disabled
 Parallel Workers: 4
Heap:
 PSYoungGen      total 17408K, used 12051K [0x00000000d5580000, 0x00000000d6800000, 0x0000000100000000)
  eden space 15872K, 66% used [0x00000000d5580000,0x00000000d5fc60f0,0x00000000d6500000)
  from space 1536K, 99% used [0x00000000d6680000,0x00000000d67fee30,0x00000000d6800000)
  to   space 1536K, 0% used [0x00000000d6500000,0x00000000d6500000,0x00000000d6680000)
 ParOldGen       total 71168K, used 71058K [0x0000000080000000, 0x0000000084580000, 0x00000000d5580000)
  object space 71168K, 99% used [0x0000000080000000,0x0000000084564a60,0x0000000084580000)
 Metaspace       used 62953K, committed 64256K, reserved 1114112K
  class space    used 7833K, committed 8448K, reserved 1048576K
GC Heap History (20 events):
Event: 25.647 GC heap before
{Heap before GC invocations=52 (full 3):
 PSYoungGen      total 18432K, used 18289K [0x00000000d5580000, 0x00000000d6b00000, 0x0000000100000000)
  eden space 16896K, 100% used [0x00000000d5580000,0x00000000d6600000,0x00000000d6600000)
  from space 1536K, 90% used [0x00000000d6980000,0x00000000d6adc5e0,0x00000000d6b00000)
  to   space 2048K, 0% used [0x00000000d6700000,0x00000000d6700000,0x00000000d6900000)
 ParOldGen       total 68608K, used 57954K [0x0000000080000000, 0x0000000084300000, 0x00000000d5580000)
  object space 68608K, 84% used [0x0000000080000000,0x0000000083898868,0x0000000084300000)
 Metaspace       used 62904K, committed 64256K, reserved 1114112K
  class space    used 7830K, committed 8448K, reserved 1048576K
}
Event: 25.648 GC heap after
{Heap after GC invocations=52 (full 3):
 PSYoungGen      total 18432K, used 1171K [0x00000000d5580000, 0x00000000d6a00000, 0x0000000100000000)
  eden space 16896K, 0% used [0x00000000d5580000,0x00000000d5580000,0x00000000d6600000)
  from space 1536K, 76% used [0x00000000d6700000,0x00000000d6824fb8,0x00000000d6880000)
  to   space 1536K, 0% used [0x00000000d6880000,0x00000000d6880000,0x00000000d6a00000)
 ParOldGen       total 68608K, used 58694K [0x0000000080000000, 0x0000000084300000, 0x00000000d5580000)
  object space 68608K, 85% used [0x0000000080000000,0x0000000083951848,0x0000000084300000)
 Metaspace       used 62904K, committed 64256K, reserved 1114112K
  class space    used 7830K, committed 8448K, reserved 1048576K
}
Event: 25.792 GC heap before
{Heap before GC invocations=53 (full 3):
 PSYoungGen      total 18432K, used 18067K [0x00000000d5580000, 0x00000000d6a00000, 0x0000000100000000)
  eden space 16896K, 100% used [0x00000000d5580000,0x00000000d6600000,0x00000000d6600000)
  from space 1536K, 76% used [0x00000000d6700000,0x00000000d6824fb8,0x00000000d6880000)
  to   space 1536K, 0% used [0x00000000d6880000,0x00000000d6880000,0x00000000d6a00000)
 ParOldGen       total 68608K, used 58694K [0x0000000080000000, 0x0000000084300000, 0x00000000d5580000)
  object space 68608K, 85% used [0x0000000080000000,0x0000000083951848,0x0000000084300000)
 Metaspace       used 62920K, committed 64256K, reserved 1114112K
  class space    used 7833K, committed 8448K, reserved 1048576K
}
Event: 25.794 GC heap after
{Heap after GC invocations=53 (full 3):
 PSYoungGen      total 18432K, used 1530K [0x00000000d5580000, 0x00000000d6b00000, 0x0000000100000000)
  eden space 16896K, 0% used [0x00000000d5580000,0x00000000d5580000,0x00000000d6600000)
  from space 1536K, 99% used [0x00000000d6880000,0x00000000d69fe8c0,0x00000000d6a00000)
  to   space 2560K, 0% used [0x00000000d6600000,0x00000000d6600000,0x00000000d6880000)
 ParOldGen       total 68608K, used 59220K [0x0000000080000000, 0x0000000084300000, 0x00000000d5580000)
  object space 68608K, 86% used [0x0000000080000000,0x00000000839d5320,0x0000000084300000)
 Metaspace       used 62920K, committed 64256K, reserved 1114112K
  class space    used 7833K, committed 8448K, reserved 1048576K
}
Event: 25.900 GC heap before
{Heap before GC invocations=54 (full 3):
 PSYoungGen      total 18432K, used 18426K [0x00000000d5580000, 0x00000000d6b00000, 0x0000000100000000)
  eden space 16896K, 100% used [0x00000000d5580000,0x00000000d6600000,0x00000000d6600000)
  from space 1536K, 99% used [0x00000000d6880000,0x00000000d69fe8c0,0x00000000d6a00000)
  to   space 2560K, 0% used [0x00000000d6600000,0x00000000d6600000,0x00000000d6880000)
 ParOldGen       total 68608K, used 59220K [0x0000000080000000, 0x0000000084300000, 0x00000000d5580000)
  object space 68608K, 86% used [0x0000000080000000,0x00000000839d5320,0x0000000084300000)
 Metaspace       used 62936K, committed 64256K, reserved 1114112K
  class space    used 7833K, committed 8448K, reserved 1048576K
}
Event: 25.902 GC heap after
{Heap after GC invocations=54 (full 3):
 PSYoungGen      total 19456K, used 2188K [0x00000000d5580000, 0x00000000d6b00000, 0x0000000100000000)
  eden space 16896K, 0% used [0x00000000d5580000,0x00000000d5580000,0x00000000d6600000)
  from space 2560K, 85% used [0x00000000d6600000,0x00000000d68230d0,0x00000000d6880000)
  to   space 2560K, 0% used [0x00000000d6880000,0x00000000d6880000,0x00000000d6b00000)
 ParOldGen       total 68608K, used 60663K [0x0000000080000000, 0x0000000084300000, 0x00000000d5580000)
  object space 68608K, 88% used [0x0000000080000000,0x0000000083b3de90,0x0000000084300000)
 Metaspace       used 62936K, committed 64256K, reserved 1114112K
  class space    used 7833K, committed 8448K, reserved 1048576K
}
Event: 26.017 GC heap before
{Heap before GC invocations=55 (full 3):
 PSYoungGen      total 19456K, used 19084K [0x00000000d5580000, 0x00000000d6b00000, 0x0000000100000000)
  eden space 16896K, 100% used [0x00000000d5580000,0x00000000d6600000,0x00000000d6600000)
  from space 2560K, 85% used [0x00000000d6600000,0x00000000d68230d0,0x00000000d6880000)
  to   space 2560K, 0% used [0x00000000d6880000,0x00000000d6880000,0x00000000d6b00000)
 ParOldGen       total 68608K, used 60663K [0x0000000080000000, 0x0000000084300000, 0x00000000d5580000)
  object space 68608K, 88% used [0x0000000080000000,0x0000000083b3de90,0x0000000084300000)
 Metaspace       used 62946K, committed 64256K, reserved 1114112K
  class space    used 7833K, committed 8448K, reserved 1048576K
}
Event: 26.020 GC heap after
{Heap after GC invocations=55 (full 3):
 PSYoungGen      total 19456K, used 2325K [0x00000000d5580000, 0x00000000d6b00000, 0x0000000100000000)
  eden space 16896K, 0% used [0x00000000d5580000,0x00000000d5580000,0x00000000d6600000)
  from space 2560K, 90% used [0x00000000d6880000,0x00000000d6ac5570,0x00000000d6b00000)
  to   space 2560K, 0% used [0x00000000d6600000,0x00000000d6600000,0x00000000d6880000)
 ParOldGen       total 68608K, used 62729K [0x0000000080000000, 0x0000000084300000, 0x00000000d5580000)
  object space 68608K, 91% used [0x0000000080000000,0x0000000083d42438,0x0000000084300000)
 Metaspace       used 62946K, committed 64256K, reserved 1114112K
  class space    used 7833K, committed 8448K, reserved 1048576K
}
Event: 26.134 GC heap before
{Heap before GC invocations=56 (full 3):
 PSYoungGen      total 19456K, used 19221K [0x00000000d5580000, 0x00000000d6b00000, 0x0000000100000000)
  eden space 16896K, 100% used [0x00000000d5580000,0x00000000d6600000,0x00000000d6600000)
  from space 2560K, 90% used [0x00000000d6880000,0x00000000d6ac5570,0x00000000d6b00000)
  to   space 2560K, 0% used [0x00000000d6600000,0x00000000d6600000,0x00000000d6880000)
 ParOldGen       total 68608K, used 62729K [0x0000000080000000, 0x0000000084300000, 0x00000000d5580000)
  object space 68608K, 91% used [0x0000000080000000,0x0000000083d42438,0x0000000084300000)
 Metaspace       used 62947K, committed 64256K, reserved 1114112K
  class space    used 7833K, committed 8448K, reserved 1048576K
}
Event: 26.136 GC heap after
{Heap after GC invocations=56 (full 3):
 PSYoungGen      total 19456K, used 2006K [0x00000000d5580000, 0x00000000d6b00000, 0x0000000100000000)
  eden space 16896K, 0% used [0x00000000d5580000,0x00000000d5580000,0x00000000d6600000)
  from space 2560K, 78% used [0x00000000d6600000,0x00000000d67f58e0,0x00000000d6880000)
  to   space 2560K, 0% used [0x00000000d6880000,0x00000000d6880000,0x00000000d6b00000)
 ParOldGen       total 68608K, used 64629K [0x0000000080000000, 0x0000000084300000, 0x00000000d5580000)
  object space 68608K, 94% used [0x0000000080000000,0x0000000083f1d420,0x0000000084300000)
 Metaspace       used 62947K, committed 64256K, reserved 1114112K
  class space    used 7833K, committed 8448K, reserved 1048576K
}
Event: 26.258 GC heap before
{Heap before GC invocations=57 (full 3):
 PSYoungGen      total 19456K, used 18902K [0x00000000d5580000, 0x00000000d6b00000, 0x0000000100000000)
  eden space 16896K, 100% used [0x00000000d5580000,0x00000000d6600000,0x00000000d6600000)
  from space 2560K, 78% used [0x00000000d6600000,0x00000000d67f58e0,0x00000000d6880000)
  to   space 2560K, 0% used [0x00000000d6880000,0x00000000d6880000,0x00000000d6b00000)
 ParOldGen       total 68608K, used 64727K [0x0000000080000000, 0x0000000084300000, 0x00000000d5580000)
  object space 68608K, 94% used [0x0000000080000000,0x0000000083f35fa0,0x0000000084300000)
 Metaspace       used 62949K, committed 64256K, reserved 1114112K
  class space    used 7833K, committed 8448K, reserved 1048576K
}
Event: 26.261 GC heap after
{Heap after GC invocations=57 (full 3):
 PSYoungGen      total 19456K, used 2079K [0x00000000d5580000, 0x00000000d6b00000, 0x0000000100000000)
  eden space 16896K, 0% used [0x00000000d5580000,0x00000000d5580000,0x00000000d6600000)
  from space 2560K, 81% used [0x00000000d6880000,0x00000000d6a87cd8,0x00000000d6b00000)
  to   space 2560K, 0% used [0x00000000d6600000,0x00000000d6600000,0x00000000d6880000)
 ParOldGen       total 68608K, used 66584K [0x0000000080000000, 0x0000000084300000, 0x00000000d5580000)
  object space 68608K, 97% used [0x0000000080000000,0x00000000841062c0,0x0000000084300000)
 Metaspace       used 62949K, committed 64256K, reserved 1114112K
  class space    used 7833K, committed 8448K, reserved 1048576K
}
Event: 26.390 GC heap before
{Heap before GC invocations=58 (full 3):
 PSYoungGen      total 19456K, used 18975K [0x00000000d5580000, 0x00000000d6b00000, 0x0000000100000000)
  eden space 16896K, 100% used [0x00000000d5580000,0x00000000d6600000,0x00000000d6600000)
  from space 2560K, 81% used [0x00000000d6880000,0x00000000d6a87cd8,0x00000000d6b00000)
  to   space 2560K, 0% used [0x00000000d6600000,0x00000000d6600000,0x00000000d6880000)
 ParOldGen       total 68608K, used 66590K [0x0000000080000000, 0x0000000084300000, 0x00000000d5580000)
  object space 68608K, 97% used [0x0000000080000000,0x0000000084107af8,0x0000000084300000)
 Metaspace       used 62949K, committed 64256K, reserved 1114112K
  class space    used 7833K, committed 8448K, reserved 1048576K
}
Event: 26.392 GC heap after
{Heap after GC invocations=58 (full 3):
 PSYoungGen      total 17920K, used 694K [0x00000000d5580000, 0x00000000d6900000, 0x0000000100000000)
  eden space 16896K, 0% used [0x00000000d5580000,0x00000000d5580000,0x00000000d6600000)
  from space 1024K, 67% used [0x00000000d6600000,0x00000000d66ad850,0x00000000d6700000)
  to   space 1536K, 0% used [0x00000000d6780000,0x00000000d6780000,0x00000000d6900000)
 ParOldGen       total 68608K, used 67906K [0x0000000080000000, 0x0000000084300000, 0x00000000d5580000)
  object space 68608K, 98% used [0x0000000080000000,0x0000000084250948,0x0000000084300000)
 Metaspace       used 62949K, committed 64256K, reserved 1114112K
  class space    used 7833K, committed 8448K, reserved 1048576K
}
Event: 26.497 GC heap before
{Heap before GC invocations=59 (full 3):
 PSYoungGen      total 17920K, used 17590K [0x00000000d5580000, 0x00000000d6900000, 0x0000000100000000)
  eden space 16896K, 100% used [0x00000000d5580000,0x00000000d6600000,0x00000000d6600000)
  from space 1024K, 67% used [0x00000000d6600000,0x00000000d66ad850,0x00000000d6700000)
  to   space 1536K, 0% used [0x00000000d6780000,0x00000000d6780000,0x00000000d6900000)
 ParOldGen       total 68608K, used 67906K [0x0000000080000000, 0x0000000084300000, 0x00000000d5580000)
  object space 68608K, 98% used [0x0000000080000000,0x0000000084250948,0x0000000084300000)
 Metaspace       used 62950K, committed 64256K, reserved 1114112K
  class space    used 7833K, committed 8448K, reserved 1048576K
}
Event: 26.499 GC heap after
{Heap after GC invocations=59 (full 3):
 PSYoungGen      total 17408K, used 1513K [0x00000000d5580000, 0x00000000d6b00000, 0x0000000100000000)
  eden space 15872K, 0% used [0x00000000d5580000,0x00000000d5580000,0x00000000d6500000)
  from space 1536K, 98% used [0x00000000d6780000,0x00000000d68fa648,0x00000000d6900000)
  to   space 2560K, 0% used [0x00000000d6500000,0x00000000d6500000,0x00000000d6780000)
 ParOldGen       total 68608K, used 68361K [0x0000000080000000, 0x0000000084300000, 0x00000000d5580000)
  object space 68608K, 99% used [0x0000000080000000,0x00000000842c26b8,0x0000000084300000)
 Metaspace       used 62950K, committed 64256K, reserved 1114112K
  class space    used 7833K, committed 8448K, reserved 1048576K
}
Event: 26.621 GC heap before
{Heap before GC invocations=60 (full 3):
 PSYoungGen      total 17408K, used 17385K [0x00000000d5580000, 0x00000000d6b00000, 0x0000000100000000)
  eden space 15872K, 100% used [0x00000000d5580000,0x00000000d6500000,0x00000000d6500000)
  from space 1536K, 98% used [0x00000000d6780000,0x00000000d68fa648,0x00000000d6900000)
  to   space 2560K, 0% used [0x00000000d6500000,0x00000000d6500000,0x00000000d6780000)
 ParOldGen       total 68608K, used 68361K [0x0000000080000000, 0x0000000084300000, 0x00000000d5580000)
  object space 68608K, 99% used [0x0000000080000000,0x00000000842c26b8,0x0000000084300000)
 Metaspace       used 62950K, committed 64256K, reserved 1114112K
  class space    used 7833K, committed 8448K, reserved 1048576K
}
Event: 26.622 GC heap after
{Heap after GC invocations=60 (full 3):
 PSYoungGen      total 17408K, used 1120K [0x00000000d5580000, 0x00000000d6800000, 0x0000000100000000)
  eden space 15872K, 0% used [0x00000000d5580000,0x00000000d5580000,0x00000000d6500000)
  from space 1536K, 72% used [0x00000000d6500000,0x00000000d6618000,0x00000000d6680000)
  to   space 1536K, 0% used [0x00000000d6680000,0x00000000d6680000,0x00000000d6800000)
 ParOldGen       total 69632K, used 69130K [0x0000000080000000, 0x0000000084400000, 0x00000000d5580000)
  object space 69632K, 99% used [0x0000000080000000,0x00000000843828a8,0x0000000084400000)
 Metaspace       used 62950K, committed 64256K, reserved 1114112K
  class space    used 7833K, committed 8448K, reserved 1048576K
}
Event: 26.789 GC heap before
{Heap before GC invocations=61 (full 3):
 PSYoungGen      total 17408K, used 16992K [0x00000000d5580000, 0x00000000d6800000, 0x0000000100000000)
  eden space 15872K, 100% used [0x00000000d5580000,0x00000000d6500000,0x00000000d6500000)
  from space 1536K, 72% used [0x00000000d6500000,0x00000000d6618000,0x00000000d6680000)
  to   space 1536K, 0% used [0x00000000d6680000,0x00000000d6680000,0x00000000d6800000)
 ParOldGen       total 69632K, used 69130K [0x0000000080000000, 0x0000000084400000, 0x00000000d5580000)
  object space 69632K, 99% used [0x0000000080000000,0x00000000843828a8,0x0000000084400000)
 Metaspace       used 62953K, committed 64256K, reserved 1114112K
  class space    used 7833K, committed 8448K, reserved 1048576K
}
Event: 26.791 GC heap after
{Heap after GC invocations=61 (full 3):
 PSYoungGen      total 17408K, used 1531K [0x00000000d5580000, 0x00000000d6800000, 0x0000000100000000)
  eden space 15872K, 0% used [0x00000000d5580000,0x00000000d5580000,0x00000000d6500000)
  from space 1536K, 99% used [0x00000000d6680000,0x00000000d67fee30,0x00000000d6800000)
  to   space 1536K, 0% used [0x00000000d6500000,0x00000000d6500000,0x00000000d6680000)
 ParOldGen       total 71168K, used 71058K [0x0000000080000000, 0x0000000084580000, 0x00000000d5580000)
  object space 71168K, 99% used [0x0000000080000000,0x0000000084564a60,0x0000000084580000)
 Metaspace       used 62953K, committed 64256K, reserved 1114112K
  class space    used 7833K, committed 8448K, reserved 1048576K
}

